Generate grid took 0.0180 seconds
################################## 
## Start initial random exploration
# New Adventurousness: 10.00 
# Number of grid points per dimension: 101 
################################## 
timestep      0    [0.17, 0.67, -3.48901]
timestep      1    [0.32, 0.29, -1.759213]
timestep      2    [0.13, 0.72, -2.620167]
timestep      3    [0.47, 0.07, 0.725453]
timestep      4    [0.04, 0.81, -1.148982]
timestep      5    [0.82, 0.1, -0.367478]
timestep      6    [0.98, 0.25, -0.670646]
timestep      7    [0.6, 0.5, -2.746676]
timestep      8    [0.37, 0.44, -3.177764]
timestep      9    [0.74, 0.89, -1.760754]
timestep     10    [0.73, 0.25, -1.324238]
timestep     11    [1.0, 0.97, -1.752066]
timestep     12    [0.55, 0.96, -1.060138]
timestep     13    [0.73, 0.3, -1.743616]
timestep     14    [0.37, 0.16, -0.078407]
############################## 
## Start a-weighted exploration
############################## 
timestep     15    [0.13, 0.7, -2.877561]
timestep     16    [0.13, 0.64, -3.499119]
timestep     17    [0.16, 0.73, -2.641045]
timestep     18    [0.19, 0.74, -2.621392]
timestep     19    [0.11, 0.67, -3.070164]
timestep     20    [0.08, 0.64, -3.05806]
timestep     21    [0.1, 0.57, -3.530122]
timestep     22    [0.07, 0.62, -3.07713]
timestep     23    [0.15, 0.51, -3.901659]
timestep     24    [0.15, 0.54, -3.969525]
timestep     25    [0.12, 0.54, -3.721286]
timestep     26    [0.18, 0.51, -4.085513]
timestep     27    [0.21, 0.59, -4.278141]
timestep     28    [0.18, 0.48, -3.953176]
timestep     29    [0.23, 0.49, -4.140242]
timestep     30    [0.14, 0.59, -3.852231]
timestep     31    [0.13, 0.56, -3.816578]
timestep     32    [0.29, 0.46, -3.826308]
timestep     33    [0.19, 0.58, -4.215248]
timestep     34    [0.25, 0.42, -3.621229]
timestep     35    [0.22, 0.48, -4.073577]
timestep     36    [0.22, 0.55, -4.337203]
timestep     37    [0.27, 0.56, -4.362049]
timestep     38    [0.22, 0.6, -4.2766]
timestep     39    [0.17, 0.57, -4.114636]
timestep     40    [0.18, 0.53, -4.145323]
timestep     41    [0.18, 0.63, -3.927736]
timestep     42    [0.23, 0.54, -4.338322]
timestep     43    [0.24, 0.55, -4.366794]
timestep     44    [0.17, 0.5, -3.993713]
timestep     45    [0.23, 0.6, -4.301308]
timestep     46    [0.19, 0.56, -4.233819]
timestep     47    [0.24, 0.62, -4.219681]
timestep     48    [0.19, 0.59, -4.1908]
timestep     49    [0.19, 0.54, -4.215988]
timestep     50    [0.22, 0.53, -4.295732]
timestep     51    [0.26, 0.59, -4.355762]
timestep     52    [0.21, 0.58, -4.301255]
timestep     53    [0.2, 0.6, -4.203504]
timestep     54    [0.26, 0.54, -4.340033]
timestep     55    [0.25, 0.58, -4.375168]
timestep     56    [0.2, 0.63, -4.030276]
timestep     57    [0.25, 0.51, -4.240281]
timestep     58    [0.18, 0.58, -4.160843]
timestep     59    [0.19, 0.62, -4.051456]
timestep     60    [0.24, 0.48, -4.084061]
timestep     61    [0.26, 0.57, -4.379208]
timestep     62    [0.3, 0.6, -4.256368]
timestep     63    [0.28, 0.63, -4.158185]
timestep     64    [0.22, 0.58, -4.332231]
timestep     65    [0.31, 0.58, -4.250118]
timestep     66    [0.25, 0.52, -4.283138]
timestep     67    [0.31, 0.53, -4.15016]
timestep     68    [0.23, 0.58, -4.354914]
timestep     69    [0.31, 0.49, -3.940737]
timestep     70    [0.2, 0.56, -4.2791]
timestep     71    [0.28, 0.6, -4.305744]
timestep     72    [0.29, 0.6, -4.2843]
timestep     73    [0.2, 0.52, -4.207533]
timestep     74    [0.19, 0.52, -4.167019]
timestep     75    [0.25, 0.57, -4.382949]
timestep     76    [0.22, 0.56, -4.34519]
timestep     77    [0.3, 0.61, -4.223379]
timestep     78    [0.19, 0.63, -3.98224]
timestep     79    [0.22, 0.57, -4.343753]
timestep     80    [0.28, 0.62, -4.219676]
timestep     81    [0.27, 0.57, -4.367391]
timestep     82    [0.23, 0.51, -4.238593]
timestep     83    [0.2, 0.53, -4.23693]
timestep     84    [0.19, 0.64, -3.901647]
timestep     85    [0.22, 0.59, -4.31002]
timestep     86    [0.32, 0.54, -4.137252]
timestep     87    [0.33, 0.53, -4.044478]
timestep     88    [0.26, 0.48, -4.061163]
timestep     89    [0.34, 0.58, -4.107561]
timestep     90    [0.29, 0.56, -4.312581]
timestep     91    [0.21, 0.62, -4.140804]
timestep     92    [0.22, 0.51, -4.224803]
timestep     93    [0.3, 0.62, -4.178324]
timestep     94    [0.17, 0.61, -3.992442]
timestep     95    [0.28, 0.59, -4.330888]
timestep     96    [0.16, 0.6, -3.970557]
timestep     97    [0.23, 0.59, -4.33376]
timestep     98    [0.34, 0.53, -3.985638]
timestep     99    [0.25, 0.5, -4.191264]
timestep    100    [0.2, 0.54, -4.259103]
timestep    101    [0.27, 0.62, -4.23054]
timestep    102    [0.15, 0.59, -3.931821]
timestep    103    [0.24, 0.57, -4.378362]
timestep    104    [0.28, 0.53, -4.267231]
timestep    105    [0.2, 0.55, -4.273386]
timestep    106    [0.28, 0.5, -4.128251]
timestep    107    [0.19, 0.49, -4.0461]
timestep    108    [0.19, 0.57, -4.2294]
timestep    109    [0.27, 0.63, -4.167243]
timestep    110    [0.28, 0.61, -4.268796]
timestep    111    [0.25, 0.55, -4.368657]
timestep    112    [0.24, 0.5, -4.196015]
timestep    113    [0.21, 0.52, -4.239819]
timestep    114    [0.31, 0.52, -4.106786]
# Unique points: 100
[0.13 0.7 ] -2.877561
[0.13 0.64] -3.499119
[0.16 0.73] -2.641045
[0.19 0.74] -2.621392
[0.11 0.67] -3.070164
[0.08 0.64] -3.058060
[0.1  0.57] -3.530122
[0.07 0.62] -3.077130
[0.15 0.51] -3.901659
[0.15 0.54] -3.969525
    [...]  
[0.2  0.55] -4.273386
[0.28 0.5 ] -4.128251
[0.19 0.49] -4.046100
[0.19 0.57] -4.229400
[0.27 0.63] -4.167243
[0.28 0.61] -4.268796
[0.25 0.55] -4.368657
[0.24 0.5 ] -4.196015
[0.21 0.52] -4.239819
[0.31 0.52] -4.106786
N1 exploration took 0.7431 seconds
Best hyperparameters: [1.02840520e-05 2.90140249e+00] . Best rmse: 0.000560 
N1 analysis took 59.7649 seconds
############################## 
## Start a-weighted exploration
############################## 
timestep-N2 a-weighted      0    [0.24, 0.61, -4.274868]
timestep-N2 a-weighted      1    [0.29, 0.54, -4.268672]
timestep-N2 a-weighted      2    [0.32, 0.6, -4.183417]
timestep-N2 a-weighted      3    [0.28, 0.57, -4.347859]
timestep-N2 a-weighted      4    [0.21, 0.61, -4.198243]
# Unique points: 5
[0.24 0.61] -4.274868
[0.29 0.54] -4.268672
[0.32 0.6 ] -4.183417
[0.28 0.57] -4.347859
[0.21 0.61] -4.198243
t2 standard exploration took 0.0723 seconds
############################# 
## Start ML-guided exploration
############################# 
Number of points in bubble before removing duplicates: 19427
# Unique points: 100
[0.13 0.7 ] -2.877561
[0.13 0.64] -3.499119
[0.16 0.73] -2.641045
[0.19 0.74] -2.621392
[0.11 0.67] -3.070164
[0.08 0.64] -3.058060
[0.1  0.57] -3.530122
[0.07 0.62] -3.077130
[0.15 0.51] -3.901659
[0.15 0.54] -3.969525
    [...]  
[0.2  0.55] -4.273386
[0.28 0.5 ] -4.128251
[0.19 0.49] -4.046100
[0.19 0.57] -4.229400
[0.27 0.63] -4.167243
[0.28 0.61] -4.268796
[0.25 0.55] -4.368657
[0.24 0.5 ] -4.196015
[0.21 0.52] -4.239819
[0.31 0.52] -4.106786
# Unique points: 1328
[0.21 0.7 ] -3.286672
[0.2  0.73] -2.808313
[0.2  0.72] -2.958513
[0.2  0.71] -3.106107
[0.2 0.7] -3.249541
[0.2  0.69] -3.387336
[0.2  0.68] -3.518124
[0.2  0.67] -3.640679
[0.19 0.75] -2.472125
[0.19 0.74] -2.621392
    [...]  
[0.35 0.68] -3.539401
[0.42 0.53] -3.470437
[0.41 0.54] -3.579038
[0.41 0.52] -3.481591
[0.41 0.51] -3.425090
[0.41 0.5 ] -3.363830
[0.4  0.49] -3.363796
[0.4  0.48] -3.293794
[0.39 0.47] -3.287037
[0.27 0.71] -3.263126
Number of points in bubble after removing duplicates: 1328
Explore landscape ML. time: 0. Before ML took 1.4659 seconds 
Best hyperparameters: [1.08886004e-05 2.92506833e+00] . Best rmse: 0.000585 
# At time N2=0, I am training new model
ML train took 0.0023 seconds 
timestep-N2 ML-guided 0: [0.25, 0.57, -4.382799507817879]
I am in t: 1, and last added point was: [0.25, 0.57, -4.382799507817879]
value of k_in_grid is: 2582
Number of points in bubble before removing duplicates: 1522
# Unique points: 101
[0.13 0.7 ] -2.877561
[0.13 0.64] -3.499119
[0.16 0.73] -2.641045
[0.19 0.74] -2.621392
[0.11 0.67] -3.070164
[0.08 0.64] -3.058060
[0.1  0.57] -3.530122
[0.07 0.62] -3.077130
[0.15 0.51] -3.901659
[0.15 0.54] -3.969525
    [...]  
[0.28 0.5 ] -4.128251
[0.19 0.49] -4.046100
[0.19 0.57] -4.229400
[0.27 0.63] -4.167243
[0.28 0.61] -4.268796
[0.25 0.55] -4.368657
[0.24 0.5 ] -4.196015
[0.21 0.52] -4.239819
[0.31 0.52] -4.106786
[0.25 0.57] -4.382800
# Unique points: 1328
[0.21 0.7 ] -3.286672
[0.2  0.73] -2.808313
[0.2  0.72] -2.958513
[0.2  0.71] -3.106107
[0.2 0.7] -3.249541
[0.2  0.69] -3.387336
[0.2  0.68] -3.518124
[0.2  0.67] -3.640679
[0.19 0.75] -2.472125
[0.19 0.74] -2.621392
    [...]  
[0.35 0.68] -3.539401
[0.42 0.53] -3.470437
[0.41 0.54] -3.579038
[0.41 0.52] -3.481591
[0.41 0.51] -3.425090
[0.41 0.5 ] -3.363830
[0.4  0.49] -3.363796
[0.4  0.48] -3.293794
[0.39 0.47] -3.287037
[0.27 0.71] -3.263126
Number of points in bubble after removing duplicates: 1328
Explore landscape ML. time: 1. Before ML took 0.0718 seconds 
Best hyperparameters: [1.07998375e-05 2.94039425e+00] . Best rmse: 0.000565 
# At time N2=1, I am training new model
ML train took 0.0021 seconds 
timestep-N2 ML-guided 1: [0.25, 0.57, -4.382799759801412]
I am in t: 2, and last added point was: [0.25, 0.57, -4.382799759801412]
value of k_in_grid is: 2582
Number of points in bubble before removing duplicates: 1522
# Unique points: 102
[0.13 0.7 ] -2.877561
[0.13 0.64] -3.499119
[0.16 0.73] -2.641045
[0.19 0.74] -2.621392
[0.11 0.67] -3.070164
[0.08 0.64] -3.058060
[0.1  0.57] -3.530122
[0.07 0.62] -3.077130
[0.15 0.51] -3.901659
[0.15 0.54] -3.969525
    [...]  
[0.19 0.49] -4.046100
[0.19 0.57] -4.229400
[0.27 0.63] -4.167243
[0.28 0.61] -4.268796
[0.25 0.55] -4.368657
[0.24 0.5 ] -4.196015
[0.21 0.52] -4.239819
[0.31 0.52] -4.106786
[0.25 0.57] -4.382800
[0.25 0.57] -4.382800
# Unique points: 1328
[0.21 0.7 ] -3.286672
[0.2  0.73] -2.808313
[0.2  0.72] -2.958513
[0.2  0.71] -3.106107
[0.2 0.7] -3.249541
[0.2  0.69] -3.387336
[0.2  0.68] -3.518124
[0.2  0.67] -3.640679
[0.19 0.75] -2.472125
[0.19 0.74] -2.621392
    [...]  
[0.35 0.68] -3.539401
[0.42 0.53] -3.470437
[0.41 0.54] -3.579038
[0.41 0.52] -3.481591
[0.41 0.51] -3.425090
[0.41 0.5 ] -3.363830
[0.4  0.49] -3.363796
[0.4  0.48] -3.293794
[0.39 0.47] -3.287037
[0.27 0.71] -3.263126
Number of points in bubble after removing duplicates: 1328
Explore landscape ML. time: 2. Before ML took 0.0707 seconds 
Best hyperparameters: [1.10879724e-05 2.98689691e+00] . Best rmse: 0.000569 
# At time N2=2, I am training new model
ML train took 0.0023 seconds 
timestep-N2 ML-guided 2: [0.25, 0.57, -4.38279110188705]
I am in t: 3, and last added point was: [0.25, 0.57, -4.38279110188705]
value of k_in_grid is: 2582
Number of points in bubble before removing duplicates: 1522
# Unique points: 103
[0.13 0.7 ] -2.877561
[0.13 0.64] -3.499119
[0.16 0.73] -2.641045
[0.19 0.74] -2.621392
[0.11 0.67] -3.070164
[0.08 0.64] -3.058060
[0.1  0.57] -3.530122
[0.07 0.62] -3.077130
[0.15 0.51] -3.901659
[0.15 0.54] -3.969525
    [...]  
[0.19 0.57] -4.229400
[0.27 0.63] -4.167243
[0.28 0.61] -4.268796
[0.25 0.55] -4.368657
[0.24 0.5 ] -4.196015
[0.21 0.52] -4.239819
[0.31 0.52] -4.106786
[0.25 0.57] -4.382800
[0.25 0.57] -4.382800
[0.25 0.57] -4.382791
# Unique points: 1328
[0.21 0.7 ] -3.286672
[0.2  0.73] -2.808313
[0.2  0.72] -2.958513
[0.2  0.71] -3.106107
[0.2 0.7] -3.249541
[0.2  0.69] -3.387336
[0.2  0.68] -3.518124
[0.2  0.67] -3.640679
[0.19 0.75] -2.472125
[0.19 0.74] -2.621392
    [...]  
[0.35 0.68] -3.539401
[0.42 0.53] -3.470437
[0.41 0.54] -3.579038
[0.41 0.52] -3.481591
[0.41 0.51] -3.425090
[0.41 0.5 ] -3.363830
[0.4  0.49] -3.363796
[0.4  0.48] -3.293794
[0.39 0.47] -3.287037
[0.27 0.71] -3.263126
Number of points in bubble after removing duplicates: 1328
Explore landscape ML. time: 3. Before ML took 0.0709 seconds 
Best hyperparameters: [1.44791312e-05 2.98415217e+00] . Best rmse: 0.000630 
# At time N2=3, I am training new model
ML train took 0.0033 seconds 
timestep-N2 ML-guided 3: [0.25, 0.57, -4.38276389754903]
I am in t: 4, and last added point was: [0.25, 0.57, -4.38276389754903]
value of k_in_grid is: 2582
Number of points in bubble before removing duplicates: 1522
# Unique points: 104
[0.13 0.7 ] -2.877561
[0.13 0.64] -3.499119
[0.16 0.73] -2.641045
[0.19 0.74] -2.621392
[0.11 0.67] -3.070164
[0.08 0.64] -3.058060
[0.1  0.57] -3.530122
[0.07 0.62] -3.077130
[0.15 0.51] -3.901659
[0.15 0.54] -3.969525
    [...]  
[0.27 0.63] -4.167243
[0.28 0.61] -4.268796
[0.25 0.55] -4.368657
[0.24 0.5 ] -4.196015
[0.21 0.52] -4.239819
[0.31 0.52] -4.106786
[0.25 0.57] -4.382800
[0.25 0.57] -4.382800
[0.25 0.57] -4.382791
[0.25 0.57] -4.382764
# Unique points: 1328
[0.21 0.7 ] -3.286672
[0.2  0.73] -2.808313
[0.2  0.72] -2.958513
[0.2  0.71] -3.106107
[0.2 0.7] -3.249541
[0.2  0.69] -3.387336
[0.2  0.68] -3.518124
[0.2  0.67] -3.640679
[0.19 0.75] -2.472125
[0.19 0.74] -2.621392
    [...]  
[0.35 0.68] -3.539401
[0.42 0.53] -3.470437
[0.41 0.54] -3.579038
[0.41 0.52] -3.481591
[0.41 0.51] -3.425090
[0.41 0.5 ] -3.363830
[0.4  0.49] -3.363796
[0.4  0.48] -3.293794
[0.39 0.47] -3.287037
[0.27 0.71] -3.263126
Number of points in bubble after removing duplicates: 1328
Explore landscape ML. time: 4. Before ML took 0.0482 seconds 
Best hyperparameters: [1.02546818e-05 3.10064028e+00] . Best rmse: 0.000554 
# At time N2=4, I am training new model
ML train took 0.0022 seconds 
timestep-N2 ML-guided 4: [0.25, 0.57, -4.382782561193423]
# Unique points: 5
[0.25 0.57] -4.382800
[0.25 0.57] -4.382800
[0.25 0.57] -4.382791
[0.25 0.57] -4.382764
[0.25 0.57] -4.382783
t2 ML exploration took 201.9624 seconds
#####################
## SUMMARY RESULTS ##
#####################
## Initial random exploration: 
N0 = 15 
################ 
## N1 exploration: 
N1 = 100 
Last value: X1 index (unique timestep): 99
Last value: X1: [0.31 0.52], y: -4.106786
Minimum value: X1 index (unique timestep): 60
Minimum value: X1: [0.25 0.57], y: -4.382949
################ 
## N2 standard exploration: 
N2 = 5 
Last value: X2a index (unique timestep): 4
Last value: X2a: [0.21 0.61], y2a: -4.198243
Minimum value: X2a index (unique timestep): 3
Minimum value: X2a: [0.28 0.57], y2a: -4.347859
################ 
## N2 ML exploration: 
N2 = 5 
Last value: X2b index (unique timestep): 4
Last value: X2b: [0.25 0.57], y2b: -4.382782561193423
Minimum value: X2b index (unique timestep): 1
Minimum predicted value: X2b: [0.25 0.57], y2b: -4.382799759801412
Minimum real value: X2b: [0.25, 0.57], y2b: -4.382949
################ 
## ML benefits: 
Predicted MLgain: -0.000 
Real MLgain: 0.000 
Real relative MLgain: 0.000 
ML prediction relative error: 0.000 
################ 
For each Nwalker: [-0.00014924019858764126, 0.0, 3.4050179134560146e-05, -4.382949, -4.382949, 0.0]
################################## 
## Start initial random exploration
# New Adventurousness: 100.00 
# Number of grid points per dimension: 101 
################################## 
timestep      0    [0.39, 0.9, -1.363578]
timestep      1    [1.0, 0.55, -1.933517]
timestep      2    [0.33, 0.28, -1.560374]
timestep      3    [0.23, 0.19, -1.044245]
timestep      4    [0.07, 0.09, -1.148471]
timestep      5    [0.81, 0.23, -1.310579]
timestep      6    [0.32, 0.88, -1.372143]
timestep      7    [0.59, 0.13, 0.710169]
timestep      8    [0.66, 0.48, -2.708923]
timestep      9    [0.73, 0.65, -3.21181]
timestep     10    [0.73, 0.59, -3.180025]
timestep     11    [0.18, 0.05, -0.844334]
timestep     12    [0.62, 0.92, -1.268358]
timestep     13    [0.77, 0.69, -3.047889]
timestep     14    [0.09, 0.54, -3.435775]
############################## 
## Start a-weighted exploration
############################## 
timestep     15    [0.23, 0.21, -1.21406]
timestep     16    [0.37, 0.87, -1.49449]
timestep     17    [0.61, 0.15, 0.469199]
timestep     18    [0.81, 0.19, -0.969199]
timestep     19    [0.59, 0.51, -2.801145]
timestep     20    [0.63, 0.09, 0.684718]
timestep     21    [0.15, 0.53, -3.953252]
timestep     22    [0.67, 0.08, 0.415528]
timestep     23    [0.68, 0.97, -1.170377]
timestep     24    [0.68, 0.95, -1.266159]
timestep     25    [0.37, 0.92, -1.255211]
timestep     26    [0.56, 0.93, -1.173632]
timestep     27    [0.63, 0.95, -1.153501]
timestep     28    [0.69, 0.96, -1.245485]
timestep     29    [0.66, 0.88, -1.569862]
timestep     30    [0.12, 0.6, -3.645293]
timestep     31    [0.6, 0.86, -1.533543]
timestep     32    [0.16, 0.5, -3.933831]
timestep     33    [0.71, 0.7, -3.048089]
timestep     34    [0.11, 0.55, -3.635528]
timestep     35    [0.33, 0.95, -1.015406]
timestep     36    [0.6, 0.13, 0.665786]
timestep     37    [0.71, 0.52, -2.961737]
timestep     38    [0.63, 0.01, 0.64948]
timestep     39    [0.7, 0.45, -2.623357]
timestep     40    [0.67, 0.04, 0.443415]
timestep     41    [0.71, 0.03, 0.124159]
timestep     42    [0.63, 0.98, -1.020299]
timestep     43    [0.11, 0.53, -3.617182]
timestep     44    [0.72, 0.03, 0.053339]
timestep     45    [0.13, 0.62, -3.635937]
timestep     46    [0.75, 0.96, -1.430923]
timestep     47    [0.64, 0.51, -2.837984]
timestep     48    [0.17, 0.56, -4.120532]
timestep     49    [0.65, 0.52, -2.899865]
timestep     50    [0.22, 0.56, -4.34519]
timestep     51    [0.31, 0.95, -0.95625]
timestep     52    [0.59, 0.5, -2.7438]
timestep     53    [0.69, 0.98, -1.148882]
timestep     54    [0.55, 0.11, 0.897197]
timestep     55    [0.66, 0.91, -1.407641]
timestep     56    [0.67, 0.07, 0.435759]
timestep     57    [0.1, 0.57, -3.530122]
timestep     58    [0.72, 0.47, -2.753283]
timestep     59    [0.69, 0.03, 0.275082]
timestep     60    [0.68, 0.47, -2.692014]
timestep     61    [0.54, 0.51, -2.846958]
timestep     62    [0.44, 0.89, -1.39934]
timestep     63    [0.74, 0.97, -1.349233]
timestep     64    [0.8, 0.98, -1.500237]
timestep     65    [0.69, 0.97, -1.197159]
timestep     66    [0.96, 0.53, -2.111436]
timestep     67    [0.83, 0.93, -1.810447]
timestep     68    [0.5, 0.48, -2.761159]
timestep     69    [0.08, 0.59, -3.291168]
timestep     70    [0.2, 0.12, -0.872215]
timestep     71    [0.72, 0.1, -0.04849]
timestep     72    [0.65, 0.65, -3.187417]
timestep     73    [0.6, 0.44, -2.345244]
timestep     74    [0.72, 0.55, -3.074059]
timestep     75    [0.62, 0.98, -1.006669]
timestep     76    [0.12, 0.52, -3.688866]
timestep     77    [0.63, 0.12, 0.550863]
timestep     78    [0.24, 0.2, -1.083231]
timestep     79    [0.73, 0.96, -1.366338]
timestep     80    [0.74, 0.09, -0.140322]
timestep     81    [0.81, 0.95, -1.668561]
timestep     82    [0.68, 0.52, -2.936386]
timestep     83    [0.06, 0.59, -3.084815]
timestep     84    [0.62, 0.02, 0.736735]
timestep     85    [0.63, 1.0, -0.92907]
timestep     86    [0.53, 0.05, 0.944482]
timestep     87    [0.7, 0.72, -2.91703]
timestep     88    [0.72, 0.98, -1.236448]
timestep     89    [0.51, 0.89, -1.34129]
timestep     90    [0.27, 0.96, -0.762507]
timestep     91    [0.74, 0.94, -1.497718]
timestep     92    [0.55, 0.04, 0.954905]
timestep     93    [0.58, 0.02, 0.882871]
timestep     94    [0.14, 0.6, -3.817437]
timestep     95    [0.13, 0.11, -1.105734]
timestep     96    [0.17, 0.49, -3.951131]
timestep     97    [0.77, 0.75, -2.734361]
timestep     98    [0.69, 0.51, -2.903102]
timestep     99    [0.26, 0.91, -1.030556]
timestep    100    [0.29, 0.15, -0.508067]
timestep    101    [0.69, 0.41, -2.361955]
timestep    102    [0.39, 0.87, -1.501951]
timestep    103    [0.75, 0.61, -3.185388]
timestep    104    [0.55, 0.01, 0.873056]
timestep    105    [0.66, 0.5, -2.814825]
timestep    106    [0.65, 0.95, -1.192398]
timestep    107    [0.08, 0.58, -3.313832]
timestep    108    [0.57, 0.9, -1.294541]
timestep    109    [0.75, 1.0, -1.235256]
timestep    110    [0.83, 0.92, -1.85281]
timestep    111    [0.16, 0.57, -4.046942]
timestep    112    [0.75, 0.95, -1.48012]
timestep    113    [0.1, 0.12, -1.16423]
timestep    114    [0.67, 0.63, -3.227136]
# Unique points: 100
[0.23 0.21] -1.214060
[0.37 0.87] -1.494490
[0.61 0.15] 0.469199
[0.81 0.19] -0.969199
[0.59 0.51] -2.801145
[0.63 0.09] 0.684718
[0.15 0.53] -3.953252
[0.67 0.08] 0.415528
[0.68 0.97] -1.170377
[0.68 0.95] -1.266159
    [...]  
[0.66 0.5 ] -2.814825
[0.65 0.95] -1.192398
[0.08 0.58] -3.313832
[0.57 0.9 ] -1.294541
[0.75 1.  ] -1.235256
[0.83 0.92] -1.852810
[0.16 0.57] -4.046942
[0.75 0.95] -1.480120
[0.1  0.12] -1.164230
[0.67 0.63] -3.227136
N1 exploration took 0.6977 seconds
Best hyperparameters: [0.0076188 0.9621645] . Best rmse: 0.055546 
N1 analysis took 22.5564 seconds
############################## 
## Start a-weighted exploration
############################## 
timestep-N2 a-weighted      0    [0.8, 0.56, -2.95935]
timestep-N2 a-weighted      1    [0.62, 0.91, -1.313717]
timestep-N2 a-weighted      2    [0.62, 0.08, 0.771683]
timestep-N2 a-weighted      3    [0.62, 0.93, -1.224225]
timestep-N2 a-weighted      4    [0.11, 0.54, -3.629493]
# Unique points: 5
[0.8  0.56] -2.959350
[0.62 0.91] -1.313717
[0.62 0.08] 0.771683
[0.62 0.93] -1.224225
[0.11 0.54] -3.629493
t2 standard exploration took 0.0665 seconds
############################# 
## Start ML-guided exploration
############################# 
Number of points in bubble before removing duplicates: 18055
# Unique points: 100
[0.23 0.21] -1.214060
[0.37 0.87] -1.494490
[0.61 0.15] 0.469199
[0.81 0.19] -0.969199
[0.59 0.51] -2.801145
[0.63 0.09] 0.684718
[0.15 0.53] -3.953252
[0.67 0.08] 0.415528
[0.68 0.97] -1.170377
[0.68 0.95] -1.266159
    [...]  
[0.66 0.5 ] -2.814825
[0.65 0.95] -1.192398
[0.08 0.58] -3.313832
[0.57 0.9 ] -1.294541
[0.75 1.  ] -1.235256
[0.83 0.92] -1.852810
[0.16 0.57] -4.046942
[0.75 0.95] -1.480120
[0.1  0.12] -1.164230
[0.67 0.63] -3.227136
# Unique points: 4735
[0.31 0.21] -0.823404
[0.3  0.24] -1.215670
[0.3  0.23] -1.096470
[0.3  0.22] -0.984279
[0.3  0.21] -0.880056
[0.3 0.2] -0.784599
[0.3  0.19] -0.698509
[0.3  0.18] -0.622160
[0.29 0.26] -1.525073
[0.29 0.25] -1.395180
    [...]  
[0.03 0.12] -1.092773
[0.03 0.11] -1.089915
[0.03 0.1 ] -1.086189
[0.03 0.09] -1.080542
[0.02 0.12] -1.061177
[0.65 0.64] -3.203263
[0.65 0.63] -3.210469
[0.65 0.62] -3.209528
[0.65 0.61] -3.201058
[0.65 0.6 ] -3.185763
Number of points in bubble after removing duplicates: 4735
Explore landscape ML. time: 0. Before ML took 1.3375 seconds 
Best hyperparameters: [3.13122481e-05 7.16141305e-01] . Best rmse: 0.013317 
# At time N2=0, I am training new model
ML train took 0.0021 seconds 
timestep-N2 ML-guided 0: [0.25, 0.55, -4.375613382529565]
I am in t: 1, and last added point was: [0.25, 0.55, -4.375613382529565]
value of k_in_grid is: 2580
Number of points in bubble before removing duplicates: 4929
# Unique points: 101
[0.23 0.21] -1.214060
[0.37 0.87] -1.494490
[0.61 0.15] 0.469199
[0.81 0.19] -0.969199
[0.59 0.51] -2.801145
[0.63 0.09] 0.684718
[0.15 0.53] -3.953252
[0.67 0.08] 0.415528
[0.68 0.97] -1.170377
[0.68 0.95] -1.266159
    [...]  
[0.65 0.95] -1.192398
[0.08 0.58] -3.313832
[0.57 0.9 ] -1.294541
[0.75 1.  ] -1.235256
[0.83 0.92] -1.852810
[0.16 0.57] -4.046942
[0.75 0.95] -1.480120
[0.1  0.12] -1.164230
[0.67 0.63] -3.227136
[0.25 0.55] -4.375613
# Unique points: 4780
[0.31 0.21] -0.823404
[0.3  0.24] -1.215670
[0.3  0.23] -1.096470
[0.3  0.22] -0.984279
[0.3  0.21] -0.880056
[0.3 0.2] -0.784599
[0.3  0.19] -0.698509
[0.3  0.18] -0.622160
[0.29 0.26] -1.525073
[0.29 0.25] -1.395180
    [...]  
[0.29 0.49] -4.033234
[0.28 0.62] -4.219676
[0.28 0.5 ] -4.128251
[0.28 0.49] -4.070135
[0.28 0.48] -4.006856
[0.27 0.49] -4.099984
[0.27 0.48] -4.037745
[0.26 0.49] -4.122274
[0.26 0.48] -4.061163
[0.25 0.48] -4.076703
Number of points in bubble after removing duplicates: 4780
Explore landscape ML. time: 1. Before ML took 0.0639 seconds 
Best hyperparameters: [0.00458096 0.97924032] . Best rmse: 0.052444 
# At time N2=1, I am training new model
ML train took 0.0021 seconds 
timestep-N2 ML-guided 1: [0.25, 0.56, -4.329615755267544]
I am in t: 2, and last added point was: [0.25, 0.56, -4.329615755267544]
value of k_in_grid is: 2581
Number of points in bubble before removing duplicates: 4974
# Unique points: 102
[0.23 0.21] -1.214060
[0.37 0.87] -1.494490
[0.61 0.15] 0.469199
[0.81 0.19] -0.969199
[0.59 0.51] -2.801145
[0.63 0.09] 0.684718
[0.15 0.53] -3.953252
[0.67 0.08] 0.415528
[0.68 0.97] -1.170377
[0.68 0.95] -1.266159
    [...]  
[0.08 0.58] -3.313832
[0.57 0.9 ] -1.294541
[0.75 1.  ] -1.235256
[0.83 0.92] -1.852810
[0.16 0.57] -4.046942
[0.75 0.95] -1.480120
[0.1  0.12] -1.164230
[0.67 0.63] -3.227136
[0.25 0.55] -4.375613
[0.25 0.56] -4.329616
# Unique points: 4788
[0.31 0.21] -0.823404
[0.3  0.24] -1.215670
[0.3  0.23] -1.096470
[0.3  0.22] -0.984279
[0.3  0.21] -0.880056
[0.3 0.2] -0.784599
[0.3  0.19] -0.698509
[0.3  0.18] -0.622160
[0.29 0.26] -1.525073
[0.29 0.25] -1.395180
    [...]  
[0.26 0.48] -4.061163
[0.25 0.48] -4.076703
[0.32 0.59] -4.200638
[0.31 0.61] -4.191667
[0.3  0.62] -4.178324
[0.29 0.62] -4.202118
[0.28 0.63] -4.158185
[0.27 0.63] -4.167243
[0.26 0.63] -4.169435
[0.25 0.64] -4.085965
Number of points in bubble after removing duplicates: 4788
Explore landscape ML. time: 2. Before ML took 0.0643 seconds 
Best hyperparameters: [0.00429438 1.00739931] . Best rmse: 0.051960 
# At time N2=2, I am training new model
ML train took 0.0022 seconds 
timestep-N2 ML-guided 2: [0.25, 0.56, -4.326804937003216]
I am in t: 3, and last added point was: [0.25, 0.56, -4.326804937003216]
value of k_in_grid is: 2581
Number of points in bubble before removing duplicates: 4982
# Unique points: 103
[0.23 0.21] -1.214060
[0.37 0.87] -1.494490
[0.61 0.15] 0.469199
[0.81 0.19] -0.969199
[0.59 0.51] -2.801145
[0.63 0.09] 0.684718
[0.15 0.53] -3.953252
[0.67 0.08] 0.415528
[0.68 0.97] -1.170377
[0.68 0.95] -1.266159
    [...]  
[0.57 0.9 ] -1.294541
[0.75 1.  ] -1.235256
[0.83 0.92] -1.852810
[0.16 0.57] -4.046942
[0.75 0.95] -1.480120
[0.1  0.12] -1.164230
[0.67 0.63] -3.227136
[0.25 0.55] -4.375613
[0.25 0.56] -4.329616
[0.25 0.56] -4.326805
# Unique points: 4788
[0.31 0.21] -0.823404
[0.3  0.24] -1.215670
[0.3  0.23] -1.096470
[0.3  0.22] -0.984279
[0.3  0.21] -0.880056
[0.3 0.2] -0.784599
[0.3  0.19] -0.698509
[0.3  0.18] -0.622160
[0.29 0.26] -1.525073
[0.29 0.25] -1.395180
    [...]  
[0.26 0.48] -4.061163
[0.25 0.48] -4.076703
[0.32 0.59] -4.200638
[0.31 0.61] -4.191667
[0.3  0.62] -4.178324
[0.29 0.62] -4.202118
[0.28 0.63] -4.158185
[0.27 0.63] -4.167243
[0.26 0.63] -4.169435
[0.25 0.64] -4.085965
Number of points in bubble after removing duplicates: 4788
Explore landscape ML. time: 3. Before ML took 0.0502 seconds 
Best hyperparameters: [2.56039619e-05 7.87352665e-01] . Best rmse: 0.014867 
# At time N2=3, I am training new model
ML train took 0.0021 seconds 
timestep-N2 ML-guided 3: [0.24, 0.55, -4.358130096985747]
I am in t: 4, and last added point was: [0.24, 0.55, -4.358130096985747]
value of k_in_grid is: 2479
Number of points in bubble before removing duplicates: 4982
# Unique points: 104
[0.23 0.21] -1.214060
[0.37 0.87] -1.494490
[0.61 0.15] 0.469199
[0.81 0.19] -0.969199
[0.59 0.51] -2.801145
[0.63 0.09] 0.684718
[0.15 0.53] -3.953252
[0.67 0.08] 0.415528
[0.68 0.97] -1.170377
[0.68 0.95] -1.266159
    [...]  
[0.75 1.  ] -1.235256
[0.83 0.92] -1.852810
[0.16 0.57] -4.046942
[0.75 0.95] -1.480120
[0.1  0.12] -1.164230
[0.67 0.63] -3.227136
[0.25 0.55] -4.375613
[0.25 0.56] -4.329616
[0.25 0.56] -4.326805
[0.24 0.55] -4.358130
# Unique points: 4788
[0.31 0.21] -0.823404
[0.3  0.24] -1.215670
[0.3  0.23] -1.096470
[0.3  0.22] -0.984279
[0.3  0.21] -0.880056
[0.3 0.2] -0.784599
[0.3  0.19] -0.698509
[0.3  0.18] -0.622160
[0.29 0.26] -1.525073
[0.29 0.25] -1.395180
    [...]  
[0.26 0.48] -4.061163
[0.25 0.48] -4.076703
[0.32 0.59] -4.200638
[0.31 0.61] -4.191667
[0.3  0.62] -4.178324
[0.29 0.62] -4.202118
[0.28 0.63] -4.158185
[0.27 0.63] -4.167243
[0.26 0.63] -4.169435
[0.25 0.64] -4.085965
Number of points in bubble after removing duplicates: 4788
Explore landscape ML. time: 4. Before ML took 0.0503 seconds 
Best hyperparameters: [0.002374   1.11123042] . Best rmse: 0.050736 
# At time N2=4, I am training new model
ML train took 0.0022 seconds 
timestep-N2 ML-guided 4: [0.25, 0.56, -4.329804439628184]
# Unique points: 5
[0.25 0.55] -4.375613
[0.25 0.56] -4.329616
[0.25 0.56] -4.326805
[0.24 0.55] -4.358130
[0.25 0.56] -4.329804
t2 ML exploration took 180.9465 seconds
#####################
## SUMMARY RESULTS ##
#####################
## Initial random exploration: 
N0 = 15 
################ 
## N1 exploration: 
N1 = 100 
Last value: X1 index (unique timestep): 99
Last value: X1: [0.67 0.63], y: -3.227136
Minimum value: X1 index (unique timestep): 35
Minimum value: X1: [0.22 0.56], y: -4.34519
################ 
## N2 standard exploration: 
N2 = 5 
Last value: X2a index (unique timestep): 4
Last value: X2a: [0.11 0.54], y2a: -3.629493
Minimum value: X2a index (unique timestep): 4
Minimum value: X2a: [0.11 0.54], y2a: -3.629493
################ 
## N2 ML exploration: 
N2 = 5 
Last value: X2b index (unique timestep): 4
Last value: X2b: [0.25 0.56], y2b: -4.329804439628184
Minimum value: X2b index (unique timestep): 0
Minimum predicted value: X2b: [0.25 0.55], y2b: -4.375613382529565
Minimum real value: X2b: [0.25, 0.55], y2b: -4.368657
################ 
## ML benefits: 
Predicted MLgain: 0.030 
Real MLgain: 0.023 
Real relative MLgain: 0.005 
ML prediction relative error: 0.002 
################ 
For each Nwalker: [0.030423382529565224, 0.023467000000000127, 0.0015923389109204723, -4.34519, -4.368657, 0.005400684434972954]
Rest of MLL took 0.1943 seconds
I am returning these values: [0.0005603527952892317, 0.05554617441343621], [[-0.00014924019858764126, 0.0, 3.4050179134560146e-05, -4.382949, -4.382949, 0.0], [0.030423382529565224, 0.023467000000000127, 0.0015923389109204723, -4.34519, -4.368657, 0.005400684434972954]]
