Generate grid took 0.0165 seconds
################################## 
## Start initial random exploration
# New Adventurousness: 10.00 
# Number of grid points per dimension: 101 
################################## 
timestep      0    [0.15, 0.19, -1.13176]
timestep      1    [0.59, 0.68, 0.647072]
timestep      2    [0.43, 0.69, 0.027493]
timestep      3    [0.91, 0.83, 2.453298]
timestep      4    [0.13, 0.7, 0.276534]
timestep      5    [0.6, 0.57, -0.064315]
timestep      6    [0.14, 0.42, -2.288053]
timestep      7    [0.12, 0.48, -2.315534]
timestep      8    [0.77, 0.06, 1.021826]
timestep      9    [0.4, 0.01, -1.235966]
timestep     10    [0.92, 0.83, 2.468211]
timestep     11    [0.52, 0.07, -0.352126]
timestep     12    [0.32, 0.08, -1.692372]
timestep     13    [0.57, 0.5, -0.90891]
timestep     14    [0.25, 0.58, -1.977857]
############################## 
## Start a-weighted exploration
############################## 
timestep     15    [0.14, 0.51, -2.333184]
timestep     16    [0.11, 0.5, -2.212553]
timestep     17    [0.1, 0.51, -2.115205]
timestep     18    [0.18, 0.49, -2.676992]
timestep     19    [0.14, 0.49, -2.423351]
timestep     20    [0.13, 0.45, -2.346522]
timestep     21    [0.19, 0.46, -2.819215]
timestep     22    [0.14, 0.47, -2.45154]
timestep     23    [0.22, 0.43, -3.047449]
timestep     24    [0.19, 0.39, -2.585717]
timestep     25    [0.18, 0.4, -2.542455]
timestep     26    [0.24, 0.37, -3.018323]
timestep     27    [0.23, 0.47, -3.104546]
timestep     28    [0.2, 0.4, -2.745188]
timestep     29    [0.26, 0.52, -2.918141]
timestep     30    [0.29, 0.43, -3.614758]
timestep     31    [0.26, 0.51, -3.025521]
timestep     32    [0.26, 0.4, -3.345293]
timestep     33    [0.32, 0.47, -3.60639]
timestep     34    [0.26, 0.39, -3.312935]
timestep     35    [0.28, 0.38, -3.462788]
timestep     36    [0.37, 0.41, -3.823121]
timestep     37    [0.34, 0.39, -3.833726]
timestep     38    [0.3, 0.33, -3.417625]
timestep     39    [0.35, 0.49, -3.472569]
timestep     40    [0.32, 0.4, -3.776616]
timestep     41    [0.31, 0.43, -3.72382]
timestep     42    [0.28, 0.36, -3.383095]
timestep     43    [0.41, 0.38, -3.628355]
timestep     44    [0.36, 0.45, -3.728384]
timestep     45    [0.38, 0.41, -3.78936]
timestep     46    [0.32, 0.35, -3.65167]
timestep     47    [0.35, 0.45, -3.741785]
timestep     48    [0.36, 0.37, -3.826277]
timestep     49    [0.38, 0.46, -3.60733]
timestep     50    [0.41, 0.37, -3.623802]
timestep     51    [0.3, 0.4, -3.667001]
timestep     52    [0.35, 0.38, -3.837908]
timestep     53    [0.35, 0.32, -3.645422]
timestep     54    [0.32, 0.46, -3.662605]
timestep     55    [0.31, 0.36, -3.627005]
timestep     56    [0.41, 0.42, -3.578213]
timestep     57    [0.33, 0.43, -3.792515]
timestep     58    [0.39, 0.33, -3.654758]
timestep     59    [0.35, 0.37, -3.820729]
timestep     60    [0.33, 0.36, -3.737968]
timestep     61    [0.43, 0.35, -3.413576]
timestep     62    [0.32, 0.36, -3.688442]
timestep     63    [0.36, 0.31, -3.611242]
timestep     64    [0.3, 0.49, -3.398857]
timestep     65    [0.34, 0.47, -3.633109]
timestep     66    [0.28, 0.35, -3.336716]
timestep     67    [0.4, 0.44, -3.588176]
timestep     68    [0.39, 0.4, -3.754211]
timestep     69    [0.39, 0.42, -3.720163]
timestep     70    [0.3, 0.32, -3.364473]
timestep     71    [0.38, 0.33, -3.687856]
timestep     72    [0.29, 0.37, -3.512631]
timestep     73    [0.33, 0.4, -3.814506]
timestep     74    [0.32, 0.38, -3.745403]
timestep     75    [0.36, 0.32, -3.661319]
timestep     76    [0.31, 0.38, -3.689591]
timestep     77    [0.35, 0.34, -3.732371]
timestep     78    [0.38, 0.38, -3.801641]
timestep     79    [0.39, 0.32, -3.614821]
timestep     80    [0.28, 0.34, -3.286834]
timestep     81    [0.34, 0.33, -3.662506]
timestep     82    [0.35, 0.4, -3.851593]
timestep     83    [0.39, 0.41, -3.740998]
timestep     84    [0.37, 0.44, -3.745603]
timestep     85    [0.31, 0.33, -3.495968]
timestep     86    [0.38, 0.43, -3.742755]
timestep     87    [0.34, 0.37, -3.800626]
timestep     88    [0.3, 0.44, -3.657013]
timestep     89    [0.41, 0.4, -3.617313]
timestep     90    [0.39, 0.43, -3.691354]
timestep     91    [0.41, 0.39, -3.62624]
timestep     92    [0.35, 0.44, -3.782353]
timestep     93    [0.37, 0.4, -3.832449]
timestep     94    [0.41, 0.34, -3.570849]
timestep     95    [0.36, 0.41, -3.842309]
timestep     96    [0.33, 0.47, -3.62525]
timestep     97    [0.4, 0.32, -3.56693]
timestep     98    [0.37, 0.43, -3.780149]
timestep     99    [0.32, 0.37, -3.719852]
timestep    100    [0.33, 0.34, -3.664048]
timestep    101    [0.34, 0.36, -3.774528]
timestep    102    [0.39, 0.37, -3.751149]
timestep    103    [0.29, 0.39, -3.575628]
timestep    104    [0.37, 0.35, -3.773034]
timestep    105    [0.3, 0.35, -3.513199]
timestep    106    [0.32, 0.34, -3.60996]
timestep    107    [0.39, 0.34, -3.688406]
timestep    108    [0.29, 0.42, -3.617997]
timestep    109    [0.38, 0.37, -3.791725]
timestep    110    [0.36, 0.4, -3.849305]
timestep    111    [0.42, 0.41, -3.511048]
timestep    112    [0.36, 0.46, -3.676001]
timestep    113    [0.28, 0.42, -3.547557]
timestep    114    [0.42, 0.38, -3.541119]
# Unique points: 100
[0.14 0.51] -2.333184
[0.11 0.5 ] -2.212553
[0.1  0.51] -2.115205
[0.18 0.49] -2.676992
[0.14 0.49] -2.423351
[0.13 0.45] -2.346522
[0.19 0.46] -2.819215
[0.14 0.47] -2.451540
[0.22 0.43] -3.047449
[0.19 0.39] -2.585717
    [...]  
[0.3  0.35] -3.513199
[0.32 0.34] -3.609960
[0.39 0.34] -3.688406
[0.29 0.42] -3.617997
[0.38 0.37] -3.791725
[0.36 0.4 ] -3.849305
[0.42 0.41] -3.511048
[0.36 0.46] -3.676001
[0.28 0.42] -3.547557
[0.42 0.38] -3.541119
N1 exploration took 0.7267 seconds
Best hyperparameters: [1.02830142e-05 2.17590324e+00] . Best rmse: 0.000325 
N1 analysis took 37.7391 seconds
############################## 
## Start a-weighted exploration
############################## 
timestep-N2 a-weighted      0    [0.4, 0.37, -3.695078]
timestep-N2 a-weighted      1    [0.35, 0.33, -3.691566]
timestep-N2 a-weighted      2    [0.33, 0.39, -3.805505]
timestep-N2 a-weighted      3    [0.4, 0.42, -3.656054]
timestep-N2 a-weighted      4    [0.42, 0.46, -3.316511]
# Unique points: 5
[0.4  0.37] -3.695078
[0.35 0.33] -3.691566
[0.33 0.39] -3.805505
[0.4  0.42] -3.656054
[0.42 0.46] -3.316511
t2 standard exploration took 0.0698 seconds
############################# 
## Start ML-guided exploration
############################# 
Number of points in bubble before removing duplicates: 19340
# Unique points: 100
[0.14 0.51] -2.333184
[0.11 0.5 ] -2.212553
[0.1  0.51] -2.115205
[0.18 0.49] -2.676992
[0.14 0.49] -2.423351
[0.13 0.45] -2.346522
[0.19 0.46] -2.819215
[0.14 0.47] -2.451540
[0.22 0.43] -3.047449
[0.19 0.39] -2.585717
    [...]  
[0.3  0.35] -3.513199
[0.32 0.34] -3.609960
[0.39 0.34] -3.688406
[0.29 0.42] -3.617997
[0.38 0.37] -3.791725
[0.36 0.4 ] -3.849305
[0.42 0.41] -3.511048
[0.36 0.46] -3.676001
[0.28 0.42] -3.547557
[0.42 0.38] -3.541119
# Unique points: 1265
[0.22 0.51] -2.794533
[0.21 0.54] -2.415284
[0.21 0.53] -2.535632
[0.21 0.52] -2.642371
[0.21 0.51] -2.734822
[0.21 0.5 ] -2.812530
[0.21 0.49] -2.875287
[0.21 0.48] -2.923134
[0.2  0.56] -2.093595
[0.2  0.55] -2.235395
    [...]  
[0.23 0.28] -2.378305
[0.22 0.29] -2.314388
[0.46 0.27] -2.691158
[0.45 0.26] -2.751279
[0.43 0.25] -2.897127
[0.49 0.44] -2.493215
[0.49 0.43] -2.525600
[0.49 0.42] -2.552119
[0.49 0.41] -2.572817
[0.48 0.46] -2.562749
Number of points in bubble after removing duplicates: 1265
Explore landscape ML. time: 0. Before ML took 1.4408 seconds 
Best hyperparameters: [1.00119514e-05 2.17973009e+00] . Best rmse: 0.000321 
# At time N2=0, I am training new model
ML train took 0.0023 seconds 
timestep-N2 ML-guided 0: [0.35, 0.4, -3.8515244307792074]
I am in t: 1, and last added point was: [0.35, 0.4, -3.8515244307792074]
value of k_in_grid is: 3575
Number of points in bubble before removing duplicates: 1459
# Unique points: 101
[0.14 0.51] -2.333184
[0.11 0.5 ] -2.212553
[0.1  0.51] -2.115205
[0.18 0.49] -2.676992
[0.14 0.49] -2.423351
[0.13 0.45] -2.346522
[0.19 0.46] -2.819215
[0.14 0.47] -2.451540
[0.22 0.43] -3.047449
[0.19 0.39] -2.585717
    [...]  
[0.32 0.34] -3.609960
[0.39 0.34] -3.688406
[0.29 0.42] -3.617997
[0.38 0.37] -3.791725
[0.36 0.4 ] -3.849305
[0.42 0.41] -3.511048
[0.36 0.46] -3.676001
[0.28 0.42] -3.547557
[0.42 0.38] -3.541119
[0.35 0.4 ] -3.851524
# Unique points: 1265
[0.22 0.51] -2.794533
[0.21 0.54] -2.415284
[0.21 0.53] -2.535632
[0.21 0.52] -2.642371
[0.21 0.51] -2.734822
[0.21 0.5 ] -2.812530
[0.21 0.49] -2.875287
[0.21 0.48] -2.923134
[0.2  0.56] -2.093595
[0.2  0.55] -2.235395
    [...]  
[0.23 0.28] -2.378305
[0.22 0.29] -2.314388
[0.46 0.27] -2.691158
[0.45 0.26] -2.751279
[0.43 0.25] -2.897127
[0.49 0.44] -2.493215
[0.49 0.43] -2.525600
[0.49 0.42] -2.552119
[0.49 0.41] -2.572817
[0.48 0.46] -2.562749
Number of points in bubble after removing duplicates: 1265
Explore landscape ML. time: 1. Before ML took 0.0521 seconds 
Best hyperparameters: [1.05175259e-05 2.07472593e+00] . Best rmse: 0.000334 
# At time N2=1, I am training new model
ML train took 0.0021 seconds 
timestep-N2 ML-guided 1: [0.35, 0.4, -3.8515807898604555]
I am in t: 2, and last added point was: [0.35, 0.4, -3.8515807898604555]
value of k_in_grid is: 3575
Number of points in bubble before removing duplicates: 1459
# Unique points: 102
[0.14 0.51] -2.333184
[0.11 0.5 ] -2.212553
[0.1  0.51] -2.115205
[0.18 0.49] -2.676992
[0.14 0.49] -2.423351
[0.13 0.45] -2.346522
[0.19 0.46] -2.819215
[0.14 0.47] -2.451540
[0.22 0.43] -3.047449
[0.19 0.39] -2.585717
    [...]  
[0.39 0.34] -3.688406
[0.29 0.42] -3.617997
[0.38 0.37] -3.791725
[0.36 0.4 ] -3.849305
[0.42 0.41] -3.511048
[0.36 0.46] -3.676001
[0.28 0.42] -3.547557
[0.42 0.38] -3.541119
[0.35 0.4 ] -3.851524
[0.35 0.4 ] -3.851581
# Unique points: 1265
[0.22 0.51] -2.794533
[0.21 0.54] -2.415284
[0.21 0.53] -2.535632
[0.21 0.52] -2.642371
[0.21 0.51] -2.734822
[0.21 0.5 ] -2.812530
[0.21 0.49] -2.875287
[0.21 0.48] -2.923134
[0.2  0.56] -2.093595
[0.2  0.55] -2.235395
    [...]  
[0.23 0.28] -2.378305
[0.22 0.29] -2.314388
[0.46 0.27] -2.691158
[0.45 0.26] -2.751279
[0.43 0.25] -2.897127
[0.49 0.44] -2.493215
[0.49 0.43] -2.525600
[0.49 0.42] -2.552119
[0.49 0.41] -2.572817
[0.48 0.46] -2.562749
Number of points in bubble after removing duplicates: 1265
Explore landscape ML. time: 2. Before ML took 0.0613 seconds 
Best hyperparameters: [1.16090594e-05 2.27623965e+00] . Best rmse: 0.000358 
# At time N2=2, I am training new model
ML train took 0.0025 seconds 
timestep-N2 ML-guided 2: [0.35, 0.4, -3.8514842704290153]
I am in t: 3, and last added point was: [0.35, 0.4, -3.8514842704290153]
value of k_in_grid is: 3575
Number of points in bubble before removing duplicates: 1459
# Unique points: 103
[0.14 0.51] -2.333184
[0.11 0.5 ] -2.212553
[0.1  0.51] -2.115205
[0.18 0.49] -2.676992
[0.14 0.49] -2.423351
[0.13 0.45] -2.346522
[0.19 0.46] -2.819215
[0.14 0.47] -2.451540
[0.22 0.43] -3.047449
[0.19 0.39] -2.585717
    [...]  
[0.29 0.42] -3.617997
[0.38 0.37] -3.791725
[0.36 0.4 ] -3.849305
[0.42 0.41] -3.511048
[0.36 0.46] -3.676001
[0.28 0.42] -3.547557
[0.42 0.38] -3.541119
[0.35 0.4 ] -3.851524
[0.35 0.4 ] -3.851581
[0.35 0.4 ] -3.851484
# Unique points: 1265
[0.22 0.51] -2.794533
[0.21 0.54] -2.415284
[0.21 0.53] -2.535632
[0.21 0.52] -2.642371
[0.21 0.51] -2.734822
[0.21 0.5 ] -2.812530
[0.21 0.49] -2.875287
[0.21 0.48] -2.923134
[0.2  0.56] -2.093595
[0.2  0.55] -2.235395
    [...]  
[0.23 0.28] -2.378305
[0.22 0.29] -2.314388
[0.46 0.27] -2.691158
[0.45 0.26] -2.751279
[0.43 0.25] -2.897127
[0.49 0.44] -2.493215
[0.49 0.43] -2.525600
[0.49 0.42] -2.552119
[0.49 0.41] -2.572817
[0.48 0.46] -2.562749
Number of points in bubble after removing duplicates: 1265
Explore landscape ML. time: 3. Before ML took 0.0441 seconds 
Best hyperparameters: [1.59936440e-05 2.09814525e+00] . Best rmse: 0.000351 
# At time N2=3, I am training new model
ML train took 0.0023 seconds 
timestep-N2 ML-guided 3: [0.35, 0.4, -3.851557651137213]
I am in t: 4, and last added point was: [0.35, 0.4, -3.851557651137213]
value of k_in_grid is: 3575
Number of points in bubble before removing duplicates: 1459
# Unique points: 104
[0.14 0.51] -2.333184
[0.11 0.5 ] -2.212553
[0.1  0.51] -2.115205
[0.18 0.49] -2.676992
[0.14 0.49] -2.423351
[0.13 0.45] -2.346522
[0.19 0.46] -2.819215
[0.14 0.47] -2.451540
[0.22 0.43] -3.047449
[0.19 0.39] -2.585717
    [...]  
[0.38 0.37] -3.791725
[0.36 0.4 ] -3.849305
[0.42 0.41] -3.511048
[0.36 0.46] -3.676001
[0.28 0.42] -3.547557
[0.42 0.38] -3.541119
[0.35 0.4 ] -3.851524
[0.35 0.4 ] -3.851581
[0.35 0.4 ] -3.851484
[0.35 0.4 ] -3.851558
# Unique points: 1265
[0.22 0.51] -2.794533
[0.21 0.54] -2.415284
[0.21 0.53] -2.535632
[0.21 0.52] -2.642371
[0.21 0.51] -2.734822
[0.21 0.5 ] -2.812530
[0.21 0.49] -2.875287
[0.21 0.48] -2.923134
[0.2  0.56] -2.093595
[0.2  0.55] -2.235395
    [...]  
[0.23 0.28] -2.378305
[0.22 0.29] -2.314388
[0.46 0.27] -2.691158
[0.45 0.26] -2.751279
[0.43 0.25] -2.897127
[0.49 0.44] -2.493215
[0.49 0.43] -2.525600
[0.49 0.42] -2.552119
[0.49 0.41] -2.572817
[0.48 0.46] -2.562749
Number of points in bubble after removing duplicates: 1265
Explore landscape ML. time: 4. Before ML took 0.0754 seconds 
Best hyperparameters: [1.11507223e-05 2.20419294e+00] . Best rmse: 0.000336 
# At time N2=4, I am training new model
ML train took 0.0034 seconds 
timestep-N2 ML-guided 4: [0.35, 0.4, -3.8515296174303018]
# Unique points: 5
[0.35 0.4 ] -3.851524
[0.35 0.4 ] -3.851581
[0.35 0.4 ] -3.851484
[0.35 0.4 ] -3.851558
[0.35 0.4 ] -3.851530
t2 ML exploration took 193.4523 seconds
#####################
## SUMMARY RESULTS ##
#####################
## Initial random exploration: 
N0 = 15 
################ 
## N1 exploration: 
N1 = 100 
Last value: X1 index (unique timestep): 99
Last value: X1: [0.42 0.38], y: -3.541119
Minimum value: X1 index (unique timestep): 67
Minimum value: X1: [0.35 0.4 ], y: -3.851593
################ 
## N2 standard exploration: 
N2 = 5 
Last value: X2a index (unique timestep): 4
Last value: X2a: [0.42 0.46], y2a: -3.316511
Minimum value: X2a index (unique timestep): 2
Minimum value: X2a: [0.33 0.39], y2a: -3.805505
################ 
## N2 ML exploration: 
N2 = 5 
Last value: X2b index (unique timestep): 4
Last value: X2b: [0.35 0.4 ], y2b: -3.8515296174303018
Minimum value: X2b index (unique timestep): 1
Minimum predicted value: X2b: [0.35 0.4 ], y2b: -3.8515807898604555
Minimum real value: X2b: [0.35, 0.4], y2b: -3.851593
################ 
## ML benefits: 
Predicted MLgain: -0.000 
Real MLgain: 0.000 
Real relative MLgain: 0.000 
ML prediction relative error: 0.000 
################ 
For each Nwalker: [-1.2210139544333032e-05, 0.0, 3.170153114395273e-06, -3.851593, -3.851593, 0.0]
################################## 
## Start initial random exploration
# New Adventurousness: 100.00 
# Number of grid points per dimension: 101 
################################## 
timestep      0    [0.11, 0.62, -0.904518]
timestep      1    [0.06, 0.14, -0.353095]
timestep      2    [0.1, 0.94, 1.553342]
timestep      3    [0.13, 0.82, 1.504514]
timestep      4    [0.87, 0.19, 1.2367]
timestep      5    [0.28, 0.35, -3.336716]
timestep      6    [0.41, 0.53, -2.773002]
timestep      7    [0.94, 0.65, 2.504369]
timestep      8    [0.33, 0.96, 3.078646]
timestep      9    [0.82, 0.34, 1.285153]
timestep     10    [0.09, 0.52, -2.008512]
timestep     11    [0.3, 0.36, -3.554812]
timestep     12    [0.66, 0.39, 0.199443]
timestep     13    [0.17, 0.07, -1.072202]
timestep     14    [0.21, 0.62, -1.096412]
############################## 
## Start a-weighted exploration
############################## 
timestep     15    [0.21, 0.05, -1.189445]
timestep     16    [0.03, 0.16, -0.113094]
timestep     17    [0.09, 0.12, -0.597209]
timestep     18    [0.36, 0.41, -3.842309]
timestep     19    [0.22, 0.03, -1.148867]
timestep     20    [0.36, 0.54, -2.868408]
timestep     21    [0.27, 0.61, -1.479795]
timestep     22    [0.23, 0.04, -1.222639]
timestep     23    [0.1, 0.19, -0.662719]
timestep     24    [0.69, 0.35, 0.519793]
timestep     25    [0.2, 0.07, -1.218042]
timestep     26    [0.03, 0.54, -1.574681]
timestep     27    [0.08, 0.17, -0.488543]
timestep     28    [0.8, 0.36, 1.259087]
timestep     29    [0.33, 0.32, -3.570381]
timestep     30    [0.68, 0.38, 0.427403]
timestep     31    [0.88, 0.67, 2.427358]
timestep     32    [0.01, 0.12, -0.02259]
timestep     33    [0.0, 0.15, 0.078754]
timestep     34    [0.26, 0.04, -1.318112]
timestep     35    [0.27, 0.92, 3.156795]
timestep     36    [0.87, 0.25, 1.268639]
timestep     37    [0.2, 0.05, -1.14984]
timestep     38    [0.18, 0.02, -0.978061]
timestep     39    [0.85, 0.27, 1.255486]
timestep     40    [0.37, 0.55, -2.697262]
timestep     41    [0.27, 0.94, 3.184463]
timestep     42    [0.24, 0.63, -0.983927]
timestep     43    [0.23, 0.02, -1.140759]
timestep     44    [0.88, 0.31, 1.376867]
timestep     45    [0.34, 0.38, -3.820508]
timestep     46    [0.38, 0.47, -3.543207]
timestep     47    [0.15, 0.68, 0.016598]
timestep     48    [0.32, 0.41, -3.780983]
timestep     49    [0.28, 0.0, -1.188536]
timestep     50    [0.24, 0.85, 2.623812]
timestep     51    [0.19, 0.86, 2.35432]
timestep     52    [0.07, 0.9, 1.193093]
timestep     53    [0.08, 0.61, -0.997295]
timestep     54    [0.46, 0.51, -2.492625]
timestep     55    [0.27, 0.88, 2.974547]
timestep     56    [0.2, 0.06, -1.184077]
timestep     57    [0.14, 0.15, -0.989142]
timestep     58    [0.06, 0.81, 0.884359]
timestep     59    [0.35, 0.48, -3.556573]
timestep     60    [0.13, 0.56, -1.813311]
timestep     61    [0.27, 0.06, -1.448359]
timestep     62    [0.32, 0.63, -1.201552]
timestep     63    [0.04, 0.78, 0.632827]
timestep     64    [0.18, 0.06, -1.094886]
timestep     65    [0.83, 0.22, 1.217069]
timestep     66    [0.27, 0.98, 3.116759]
timestep     67    [0.2, 0.96, 2.765555]
timestep     68    [0.32, 0.33, -3.563668]
timestep     69    [0.0, 0.1, 0.014923]
timestep     70    [0.59, 0.4, -0.843115]
timestep     71    [0.07, 0.25, -0.500853]
timestep     72    [0.95, 0.69, 2.539671]
timestep     73    [0.33, 0.94, 3.105491]
timestep     74    [0.24, 0.68, 0.017712]
timestep     75    [0.26, 0.02, -1.226402]
timestep     76    [0.36, 0.53, -3.007168]
timestep     77    [0.29, 0.43, -3.614758]
timestep     78    [0.34, 0.43, -3.809217]
timestep     79    [0.23, 0.61, -1.346002]
timestep     80    [0.89, 0.7, 2.478589]
timestep     81    [0.33, 0.55, -2.731445]
timestep     82    [0.02, 0.12, -0.091049]
timestep     83    [0.24, 0.04, -1.255893]
timestep     84    [0.26, 0.0, -1.141056]
timestep     85    [0.14, 0.06, -0.900465]
timestep     86    [0.06, 0.2, -0.329526]
timestep     87    [0.79, 0.26, 1.130901]
timestep     88    [0.35, 0.58, -2.226163]
timestep     89    [0.43, 0.47, -3.152602]
timestep     90    [0.21, 0.54, -2.415284]
timestep     91    [0.34, 0.47, -3.633109]
timestep     92    [0.28, 0.27, -2.873215]
timestep     93    [0.27, 0.08, -1.557066]
timestep     94    [0.24, 0.58, -1.937458]
timestep     95    [0.29, 0.42, -3.617997]
timestep     96    [0.19, 0.04, -1.077228]
timestep     97    [0.27, 0.05, -1.396648]
timestep     98    [0.14, 0.53, -2.181546]
timestep     99    [0.08, 0.28, -0.708388]
timestep    100    [0.77, 0.42, 1.31181]
timestep    101    [0.38, 0.58, -2.179765]
timestep    102    [0.69, 0.32, 0.547356]
timestep    103    [0.12, 0.0, -0.710217]
timestep    104    [0.27, 0.03, -1.298679]
timestep    105    [0.03, 0.11, -0.1759]
timestep    106    [0.22, 0.13, -1.554459]
timestep    107    [0.14, 0.0, -0.783973]
timestep    108    [0.37, 0.67, -0.405944]
timestep    109    [0.71, 0.45, 0.929982]
timestep    110    [0.18, 0.73, 0.834983]
timestep    111    [0.2, 0.12, -1.384096]
timestep    112    [0.05, 0.23, -0.289336]
timestep    113    [0.49, 0.49, -2.241001]
timestep    114    [0.04, 0.22, -0.197626]
# Unique points: 100
[0.21 0.05] -1.189445
[0.03 0.16] -0.113094
[0.09 0.12] -0.597209
[0.36 0.41] -3.842309
[0.22 0.03] -1.148867
[0.36 0.54] -2.868408
[0.27 0.61] -1.479795
[0.23 0.04] -1.222639
[0.1  0.19] -0.662719
[0.69 0.35] 0.519793
    [...]  
[0.03 0.11] -0.175900
[0.22 0.13] -1.554459
[0.14 0.  ] -0.783973
[0.37 0.67] -0.405944
[0.71 0.45] 0.929982
[0.18 0.73] 0.834983
[0.2  0.12] -1.384096
[0.05 0.23] -0.289336
[0.49 0.49] -2.241001
[0.04 0.22] -0.197626
N1 exploration took 0.6996 seconds
Best hyperparameters: [2.39529245e-05 6.77726120e-01] . Best rmse: 0.029002 
N1 analysis took 31.3884 seconds
############################## 
## Start a-weighted exploration
############################## 
timestep-N2 a-weighted      0    [0.28, 0.49, -3.309711]
timestep-N2 a-weighted      1    [0.32, 0.56, -2.55603]
timestep-N2 a-weighted      2    [0.26, 0.95, 3.159854]
timestep-N2 a-weighted      3    [0.32, 0.37, -3.719852]
timestep-N2 a-weighted      4    [0.39, 0.52, -3.020952]
# Unique points: 5
[0.28 0.49] -3.309711
[0.32 0.56] -2.556030
[0.26 0.95] 3.159854
[0.32 0.37] -3.719852
[0.39 0.52] -3.020952
t2 standard exploration took 0.0710 seconds
############################# 
## Start ML-guided exploration
############################# 
Number of points in bubble before removing duplicates: 17909
# Unique points: 100
[0.21 0.05] -1.189445
[0.03 0.16] -0.113094
[0.09 0.12] -0.597209
[0.36 0.41] -3.842309
[0.22 0.03] -1.148867
[0.36 0.54] -2.868408
[0.27 0.61] -1.479795
[0.23 0.04] -1.222639
[0.1  0.19] -0.662719
[0.69 0.35] 0.519793
    [...]  
[0.03 0.11] -0.175900
[0.22 0.13] -1.554459
[0.14 0.  ] -0.783973
[0.37 0.67] -0.405944
[0.71 0.45] 0.929982
[0.18 0.73] 0.834983
[0.2  0.12] -1.384096
[0.05 0.23] -0.289336
[0.49 0.49] -2.241001
[0.04 0.22] -0.197626
# Unique points: 5051
[0.29 0.05] -1.450502
[0.28 0.08] -1.591451
[0.28 0.07] -1.533867
[0.28 0.06] -1.478309
[0.28 0.05] -1.424821
[0.28 0.04] -1.373424
[0.28 0.03] -1.324121
[0.28 0.02] -1.276895
[0.27 0.1 ] -1.672413
[0.27 0.09] -1.613948
    [...]  
[0.53 0.55] -1.205914
[0.53 0.47] -1.716252
[0.53 0.46] -1.757834
[0.52 0.45] -1.964372
[0.52 0.44] -1.997395
[0.51 0.44] -2.166479
[0.51 0.43] -2.195719
[0.51 0.42] -2.219442
[0.5  0.43] -2.362882
[0.5  0.42] -2.388023
Number of points in bubble after removing duplicates: 5051
Explore landscape ML. time: 0. Before ML took 1.3234 seconds 
Best hyperparameters: [8.74992855e-05 7.18751613e-01] . Best rmse: 0.030873 
# At time N2=0, I am training new model
ML train took 0.0023 seconds 
timestep-N2 ML-guided 0: [0.35, 0.4, -3.850653571663713]
I am in t: 1, and last added point was: [0.35, 0.4, -3.850653571663713]
value of k_in_grid is: 3575
Number of points in bubble before removing duplicates: 5245
# Unique points: 101
[0.21 0.05] -1.189445
[0.03 0.16] -0.113094
[0.09 0.12] -0.597209
[0.36 0.41] -3.842309
[0.22 0.03] -1.148867
[0.36 0.54] -2.868408
[0.27 0.61] -1.479795
[0.23 0.04] -1.222639
[0.1  0.19] -0.662719
[0.69 0.35] 0.519793
    [...]  
[0.22 0.13] -1.554459
[0.14 0.  ] -0.783973
[0.37 0.67] -0.405944
[0.71 0.45] 0.929982
[0.18 0.73] 0.834983
[0.2  0.12] -1.384096
[0.05 0.23] -0.289336
[0.49 0.49] -2.241001
[0.04 0.22] -0.197626
[0.35 0.4 ] -3.850654
# Unique points: 5051
[0.29 0.05] -1.450502
[0.28 0.08] -1.591451
[0.28 0.07] -1.533867
[0.28 0.06] -1.478309
[0.28 0.05] -1.424821
[0.28 0.04] -1.373424
[0.28 0.03] -1.324121
[0.28 0.02] -1.276895
[0.27 0.1 ] -1.672413
[0.27 0.09] -1.613948
    [...]  
[0.53 0.55] -1.205914
[0.53 0.47] -1.716252
[0.53 0.46] -1.757834
[0.52 0.45] -1.964372
[0.52 0.44] -1.997395
[0.51 0.44] -2.166479
[0.51 0.43] -2.195719
[0.51 0.42] -2.219442
[0.5  0.43] -2.362882
[0.5  0.42] -2.388023
Number of points in bubble after removing duplicates: 5051
Explore landscape ML. time: 1. Before ML took 0.0509 seconds 
Best hyperparameters: [6.59352531e-05 7.08140483e-01] . Best rmse: 0.031003 
# At time N2=1, I am training new model
ML train took 0.0026 seconds 
timestep-N2 ML-guided 1: [0.35, 0.4, -3.8507762964903005]
I am in t: 2, and last added point was: [0.35, 0.4, -3.8507762964903005]
value of k_in_grid is: 3575
Number of points in bubble before removing duplicates: 5245
# Unique points: 102
[0.21 0.05] -1.189445
[0.03 0.16] -0.113094
[0.09 0.12] -0.597209
[0.36 0.41] -3.842309
[0.22 0.03] -1.148867
[0.36 0.54] -2.868408
[0.27 0.61] -1.479795
[0.23 0.04] -1.222639
[0.1  0.19] -0.662719
[0.69 0.35] 0.519793
    [...]  
[0.14 0.  ] -0.783973
[0.37 0.67] -0.405944
[0.71 0.45] 0.929982
[0.18 0.73] 0.834983
[0.2  0.12] -1.384096
[0.05 0.23] -0.289336
[0.49 0.49] -2.241001
[0.04 0.22] -0.197626
[0.35 0.4 ] -3.850654
[0.35 0.4 ] -3.850776
# Unique points: 5051
[0.29 0.05] -1.450502
[0.28 0.08] -1.591451
[0.28 0.07] -1.533867
[0.28 0.06] -1.478309
[0.28 0.05] -1.424821
[0.28 0.04] -1.373424
[0.28 0.03] -1.324121
[0.28 0.02] -1.276895
[0.27 0.1 ] -1.672413
[0.27 0.09] -1.613948
    [...]  
[0.53 0.55] -1.205914
[0.53 0.47] -1.716252
[0.53 0.46] -1.757834
[0.52 0.45] -1.964372
[0.52 0.44] -1.997395
[0.51 0.44] -2.166479
[0.51 0.43] -2.195719
[0.51 0.42] -2.219442
[0.5  0.43] -2.362882
[0.5  0.42] -2.388023
Number of points in bubble after removing duplicates: 5051
Explore landscape ML. time: 2. Before ML took 0.0517 seconds 
Best hyperparameters: [3.06598326e-04 8.08562718e-01] . Best rmse: 0.031058 
# At time N2=2, I am training new model
ML train took 0.0021 seconds 
timestep-N2 ML-guided 2: [0.35, 0.4, -3.850317683997095]
I am in t: 3, and last added point was: [0.35, 0.4, -3.850317683997095]
value of k_in_grid is: 3575
Number of points in bubble before removing duplicates: 5245
# Unique points: 103
[0.21 0.05] -1.189445
[0.03 0.16] -0.113094
[0.09 0.12] -0.597209
[0.36 0.41] -3.842309
[0.22 0.03] -1.148867
[0.36 0.54] -2.868408
[0.27 0.61] -1.479795
[0.23 0.04] -1.222639
[0.1  0.19] -0.662719
[0.69 0.35] 0.519793
    [...]  
[0.37 0.67] -0.405944
[0.71 0.45] 0.929982
[0.18 0.73] 0.834983
[0.2  0.12] -1.384096
[0.05 0.23] -0.289336
[0.49 0.49] -2.241001
[0.04 0.22] -0.197626
[0.35 0.4 ] -3.850654
[0.35 0.4 ] -3.850776
[0.35 0.4 ] -3.850318
# Unique points: 5051
[0.29 0.05] -1.450502
[0.28 0.08] -1.591451
[0.28 0.07] -1.533867
[0.28 0.06] -1.478309
[0.28 0.05] -1.424821
[0.28 0.04] -1.373424
[0.28 0.03] -1.324121
[0.28 0.02] -1.276895
[0.27 0.1 ] -1.672413
[0.27 0.09] -1.613948
    [...]  
[0.53 0.55] -1.205914
[0.53 0.47] -1.716252
[0.53 0.46] -1.757834
[0.52 0.45] -1.964372
[0.52 0.44] -1.997395
[0.51 0.44] -2.166479
[0.51 0.43] -2.195719
[0.51 0.42] -2.219442
[0.5  0.43] -2.362882
[0.5  0.42] -2.388023
Number of points in bubble after removing duplicates: 5051
Explore landscape ML. time: 3. Before ML took 0.0955 seconds 
Best hyperparameters: [4.12884997e-04 7.10277454e-01] . Best rmse: 0.030245 
# At time N2=3, I am training new model
ML train took 0.0021 seconds 
timestep-N2 ML-guided 3: [0.35, 0.4, -3.850487405434591]
I am in t: 4, and last added point was: [0.35, 0.4, -3.850487405434591]
value of k_in_grid is: 3575
Number of points in bubble before removing duplicates: 5245
# Unique points: 104
[0.21 0.05] -1.189445
[0.03 0.16] -0.113094
[0.09 0.12] -0.597209
[0.36 0.41] -3.842309
[0.22 0.03] -1.148867
[0.36 0.54] -2.868408
[0.27 0.61] -1.479795
[0.23 0.04] -1.222639
[0.1  0.19] -0.662719
[0.69 0.35] 0.519793
    [...]  
[0.71 0.45] 0.929982
[0.18 0.73] 0.834983
[0.2  0.12] -1.384096
[0.05 0.23] -0.289336
[0.49 0.49] -2.241001
[0.04 0.22] -0.197626
[0.35 0.4 ] -3.850654
[0.35 0.4 ] -3.850776
[0.35 0.4 ] -3.850318
[0.35 0.4 ] -3.850487
# Unique points: 5051
[0.29 0.05] -1.450502
[0.28 0.08] -1.591451
[0.28 0.07] -1.533867
[0.28 0.06] -1.478309
[0.28 0.05] -1.424821
[0.28 0.04] -1.373424
[0.28 0.03] -1.324121
[0.28 0.02] -1.276895
[0.27 0.1 ] -1.672413
[0.27 0.09] -1.613948
    [...]  
[0.53 0.55] -1.205914
[0.53 0.47] -1.716252
[0.53 0.46] -1.757834
[0.52 0.45] -1.964372
[0.52 0.44] -1.997395
[0.51 0.44] -2.166479
[0.51 0.43] -2.195719
[0.51 0.42] -2.219442
[0.5  0.43] -2.362882
[0.5  0.42] -2.388023
Number of points in bubble after removing duplicates: 5051
Explore landscape ML. time: 4. Before ML took 0.0644 seconds 
Best hyperparameters: [0.00097418 0.77609792] . Best rmse: 0.032430 
# At time N2=4, I am training new model
ML train took 0.0021 seconds 
timestep-N2 ML-guided 4: [0.35, 0.4, -3.850143505143013]
# Unique points: 5
[0.35 0.4 ] -3.850654
[0.35 0.4 ] -3.850776
[0.35 0.4 ] -3.850318
[0.35 0.4 ] -3.850487
[0.35 0.4 ] -3.850144
t2 ML exploration took 157.6285 seconds
#####################
## SUMMARY RESULTS ##
#####################
## Initial random exploration: 
N0 = 15 
################ 
## N1 exploration: 
N1 = 100 
Last value: X1 index (unique timestep): 99
Last value: X1: [0.04 0.22], y: -0.197626
Minimum value: X1 index (unique timestep): 3
Minimum value: X1: [0.36 0.41], y: -3.842309
################ 
## N2 standard exploration: 
N2 = 5 
Last value: X2a index (unique timestep): 4
Last value: X2a: [0.39 0.52], y2a: -3.020952
Minimum value: X2a index (unique timestep): 3
Minimum value: X2a: [0.32 0.37], y2a: -3.719852
################ 
## N2 ML exploration: 
N2 = 5 
Last value: X2b index (unique timestep): 4
Last value: X2b: [0.35 0.4 ], y2b: -3.850143505143013
Minimum value: X2b index (unique timestep): 1
Minimum predicted value: X2b: [0.35 0.4 ], y2b: -3.8507762964903005
Minimum real value: X2b: [0.35, 0.4], y2b: -3.851593
################ 
## ML benefits: 
Predicted MLgain: 0.008 
Real MLgain: 0.009 
Real relative MLgain: 0.002 
ML prediction relative error: 0.000 
################ 
For each Nwalker: [0.008467296490300313, 0.009283999999999626, 0.00021204304548775338, -3.842309, -3.851593, 0.002416255433906962]
Rest of MLL took 0.2066 seconds
I am returning these values: [0.0003245016037015335, 0.029001952032424273], [[-1.2210139544333032e-05, 0.0, 3.170153114395273e-06, -3.851593, -3.851593, 0.0], [0.008467296490300313, 0.009283999999999626, 0.00021204304548775338, -3.842309, -3.851593, 0.002416255433906962]]
