Generate grid took 0.0168 seconds
################################## 
## Start initial random exploration
# New Adventurousness: 10.00 
# Number of grid points per dimension: 101 
################################## 
timestep      0    [0.04, 0.85, 2.481239]
timestep      1    [0.39, 0.37, 0.230185]
timestep      2    [0.66, 0.99, 0.996825]
timestep      3    [0.96, 0.55, -1.577937]
timestep      4    [0.24, 0.72, 0.488616]
timestep      5    [0.32, 0.31, 0.735002]
timestep      6    [0.9, 0.53, -2.595623]
timestep      7    [0.82, 0.59, -2.490287]
timestep      8    [0.23, 0.58, 1.409638]
timestep      9    [0.75, 0.45, -3.871899]
timestep     10    [0.42, 0.43, 0.05717]
timestep     11    [0.65, 0.17, -2.259801]
timestep     12    [0.66, 0.8, 0.396509]
timestep     13    [0.43, 0.88, 1.124656]
timestep     14    [0.01, 0.56, 2.096523]
############################## 
## Start a-weighted exploration
############################## 
timestep     15    [0.88, 0.58, -2.200425]
timestep     16    [0.88, 0.6, -1.970224]
timestep     17    [0.86, 0.54, -2.882459]
timestep     18    [0.89, 0.48, -3.306619]
timestep     19    [0.77, 0.44, -4.047193]
timestep     20    [0.73, 0.51, -3.193284]
timestep     21    [0.72, 0.39, -3.830515]
timestep     22    [0.7, 0.41, -3.601922]
timestep     23    [0.83, 0.48, -3.770966]
timestep     24    [0.71, 0.42, -3.674034]
timestep     25    [0.79, 0.4, -4.249575]
timestep     26    [0.79, 0.5, -3.610402]
timestep     27    [0.85, 0.44, -4.005762]
timestep     28    [0.73, 0.46, -3.647233]
timestep     29    [0.76, 0.45, -3.93523]
timestep     30    [0.77, 0.36, -4.127422]
timestep     31    [0.78, 0.36, -4.166337]
timestep     32    [0.81, 0.36, -4.219627]
timestep     33    [0.77, 0.38, -4.174515]
timestep     34    [0.72, 0.33, -3.691346]
timestep     35    [0.77, 0.29, -3.678094]
timestep     36    [0.74, 0.38, -3.993077]
timestep     37    [0.71, 0.36, -3.713519]
timestep     38    [0.77, 0.43, -4.096485]
timestep     39    [0.76, 0.42, -4.081754]
timestep     40    [0.84, 0.39, -4.222373]
timestep     41    [0.82, 0.39, -4.272543]
timestep     42    [0.86, 0.41, -4.086517]
timestep     43    [0.75, 0.32, -3.827357]
timestep     44    [0.81, 0.33, -4.060574]
timestep     45    [0.82, 0.32, -3.98151]
timestep     46    [0.79, 0.32, -3.971359]
timestep     47    [0.87, 0.42, -3.975211]
timestep     48    [0.74, 0.4, -3.990097]
timestep     49    [0.82, 0.44, -4.122506]
timestep     50    [0.75, 0.39, -4.067837]
timestep     51    [0.83, 0.39, -4.253876]
timestep     52    [0.88, 0.38, -3.970904]
timestep     53    [0.89, 0.42, -3.790234]
timestep     54    [0.76, 0.38, -4.123406]
timestep     55    [0.79, 0.34, -4.101943]
timestep     56    [0.79, 0.43, -4.167034]
timestep     57    [0.82, 0.45, -4.057296]
timestep     58    [0.84, 0.33, -4.009471]
timestep     59    [0.8, 0.36, -4.212924]
timestep     60    [0.79, 0.39, -4.253381]
timestep     61    [0.86, 0.36, -4.074977]
timestep     62    [0.87, 0.35, -3.97062]
timestep     63    [0.86, 0.38, -4.118564]
timestep     64    [0.87, 0.32, -3.78442]
timestep     65    [0.78, 0.37, -4.196324]
timestep     66    [0.82, 0.29, -3.715343]
timestep     67    [0.85, 0.33, -3.969982]
timestep     68    [0.78, 0.32, -3.948376]
timestep     69    [0.81, 0.39, -4.278503]
timestep     70    [0.82, 0.33, -4.054588]
timestep     71    [0.79, 0.36, -4.195009]
timestep     72    [0.8, 0.45, -4.06944]
timestep     73    [0.83, 0.34, -4.101685]
timestep     74    [0.8, 0.3, -3.81953]
timestep     75    [0.79, 0.46, -3.983426]
timestep     76    [0.81, 0.4, -4.273924]
timestep     77    [0.81, 0.37, -4.251071]
timestep     78    [0.76, 0.43, -4.043541]
timestep     79    [0.85, 0.35, -4.086689]
timestep     80    [0.81, 0.35, -4.176973]
timestep     81    [0.86, 0.4, -4.110275]
timestep     82    [0.83, 0.32, -3.964023]
timestep     83    [0.79, 0.42, -4.206278]
timestep     84    [0.76, 0.44, -3.994562]
timestep     85    [0.78, 0.4, -4.219242]
timestep     86    [0.87, 0.39, -4.051502]
timestep     87    [0.8, 0.4, -4.267948]
timestep     88    [0.76, 0.35, -4.041418]
timestep     89    [0.84, 0.43, -4.115557]
timestep     90    [0.77, 0.35, -4.08835]
timestep     91    [0.76, 0.33, -3.939226]
timestep     92    [0.8, 0.46, -3.99663]
timestep     93    [0.8, 0.35, -4.170698]
timestep     94    [0.86, 0.46, -3.785769]
timestep     95    [0.86, 0.37, -4.103138]
timestep     96    [0.88, 0.39, -3.970035]
timestep     97    [0.82, 0.38, -4.265443]
timestep     98    [0.79, 0.44, -4.116469]
timestep     99    [0.85, 0.41, -4.14684]
timestep    100    [0.89, 0.38, -3.879793]
timestep    101    [0.77, 0.41, -4.161855]
timestep    102    [0.76, 0.39, -4.129683]
timestep    103    [0.84, 0.42, -4.161033]
timestep    104    [0.8, 0.34, -4.118122]
timestep    105    [0.82, 0.31, -3.899987]
timestep    106    [0.84, 0.44, -4.058259]
timestep    107    [0.82, 0.4, -4.267169]
timestep    108    [0.75, 0.36, -4.021195]
timestep    109    [0.84, 0.46, -3.910873]
timestep    110    [0.77, 0.37, -4.156309]
timestep    111    [0.87, 0.4, -4.039108]
timestep    112    [0.85, 0.4, -4.168912]
timestep    113    [0.72, 0.42, -3.771679]
timestep    114    [0.83, 0.44, -4.097237]
# Unique points: 100
[0.88 0.58] -2.200425
[0.88 0.6 ] -1.970224
[0.86 0.54] -2.882459
[0.89 0.48] -3.306619
[0.77 0.44] -4.047193
[0.73 0.51] -3.193284
[0.72 0.39] -3.830515
[0.7  0.41] -3.601922
[0.83 0.48] -3.770966
[0.71 0.42] -3.674034
    [...]  
[0.82 0.31] -3.899987
[0.84 0.44] -4.058259
[0.82 0.4 ] -4.267169
[0.75 0.36] -4.021195
[0.84 0.46] -3.910873
[0.77 0.37] -4.156309
[0.87 0.4 ] -4.039108
[0.85 0.4 ] -4.168912
[0.72 0.42] -3.771679
[0.83 0.44] -4.097237
N1 exploration took 0.7467 seconds
Best hyperparameters: [1.12067827e-05 3.02980942e+00] . Best rmse: 0.000375 
N1 analysis took 47.0360 seconds
############################## 
## Start a-weighted exploration
############################## 
timestep-N2 a-weighted      0    [0.74, 0.39, -3.996845]
timestep-N2 a-weighted      1    [0.87, 0.38, -4.050682]
timestep-N2 a-weighted      2    [0.81, 0.45, -4.070266]
timestep-N2 a-weighted      3    [0.77, 0.45, -3.987363]
timestep-N2 a-weighted      4    [0.87, 0.44, -3.861768]
# Unique points: 5
[0.74 0.39] -3.996845
[0.87 0.38] -4.050682
[0.81 0.45] -4.070266
[0.77 0.45] -3.987363
[0.87 0.44] -3.861768
t2 standard exploration took 0.0760 seconds
############################# 
## Start ML-guided exploration
############################# 
Number of points in bubble before removing duplicates: 19396
# Unique points: 100
[0.88 0.58] -2.200425
[0.88 0.6 ] -1.970224
[0.86 0.54] -2.882459
[0.89 0.48] -3.306619
[0.77 0.44] -4.047193
[0.73 0.51] -3.193284
[0.72 0.39] -3.830515
[0.7  0.41] -3.601922
[0.83 0.48] -3.770966
[0.71 0.42] -3.674034
    [...]  
[0.82 0.31] -3.899987
[0.84 0.44] -4.058259
[0.82 0.4 ] -4.267169
[0.75 0.36] -4.021195
[0.84 0.46] -3.910873
[0.77 0.37] -4.156309
[0.87 0.4 ] -4.039108
[0.85 0.4 ] -4.168912
[0.72 0.42] -3.771679
[0.83 0.44] -4.097237
# Unique points: 1219
[0.96 0.58] -1.257690
[0.95 0.61] -1.093365
[0.95 0.6 ] -1.183194
[0.95 0.59] -1.278650
[0.95 0.58] -1.379391
[0.95 0.57] -1.484945
[0.95 0.56] -1.594715
[0.95 0.55] -1.707982
[0.94 0.63] -1.038707
[0.94 0.62] -1.120204
    [...]  
[0.83 0.22] -2.909180
[0.82 0.22] -2.939792
[0.82 0.21] -2.823479
[0.81 0.22] -2.962780
[0.97 0.38] -2.861811
[0.96 0.37] -3.006762
[0.96 0.36] -2.995972
[0.96 0.35] -2.973119
[0.95 0.34] -3.072432
[0.95 0.33] -3.024417
Number of points in bubble after removing duplicates: 1219
Explore landscape ML. time: 0. Before ML took 1.4042 seconds 
Best hyperparameters: [1.01115626e-05 3.20932753e+00] . Best rmse: 0.000368 
# At time N2=0, I am training new model
ML train took 0.0021 seconds 
timestep-N2 ML-guided 0: [0.81, 0.39, -4.278514529795306]
I am in t: 1, and last added point was: [0.81, 0.39, -4.278514529795306]
value of k_in_grid is: 8220
Number of points in bubble before removing duplicates: 1413
# Unique points: 101
[0.88 0.58] -2.200425
[0.88 0.6 ] -1.970224
[0.86 0.54] -2.882459
[0.89 0.48] -3.306619
[0.77 0.44] -4.047193
[0.73 0.51] -3.193284
[0.72 0.39] -3.830515
[0.7  0.41] -3.601922
[0.83 0.48] -3.770966
[0.71 0.42] -3.674034
    [...]  
[0.84 0.44] -4.058259
[0.82 0.4 ] -4.267169
[0.75 0.36] -4.021195
[0.84 0.46] -3.910873
[0.77 0.37] -4.156309
[0.87 0.4 ] -4.039108
[0.85 0.4 ] -4.168912
[0.72 0.42] -3.771679
[0.83 0.44] -4.097237
[0.81 0.39] -4.278515
# Unique points: 1219
[0.96 0.58] -1.257690
[0.95 0.61] -1.093365
[0.95 0.6 ] -1.183194
[0.95 0.59] -1.278650
[0.95 0.58] -1.379391
[0.95 0.57] -1.484945
[0.95 0.56] -1.594715
[0.95 0.55] -1.707982
[0.94 0.63] -1.038707
[0.94 0.62] -1.120204
    [...]  
[0.83 0.22] -2.909180
[0.82 0.22] -2.939792
[0.82 0.21] -2.823479
[0.81 0.22] -2.962780
[0.97 0.38] -2.861811
[0.96 0.37] -3.006762
[0.96 0.36] -2.995972
[0.96 0.35] -2.973119
[0.95 0.34] -3.072432
[0.95 0.33] -3.024417
Number of points in bubble after removing duplicates: 1219
Explore landscape ML. time: 1. Before ML took 0.0725 seconds 
Best hyperparameters: [1.13452478e-05 3.22871609e+00] . Best rmse: 0.000390 
# At time N2=1, I am training new model
ML train took 0.0021 seconds 
timestep-N2 ML-guided 1: [0.81, 0.39, -4.278509350180867]
I am in t: 2, and last added point was: [0.81, 0.39, -4.278509350180867]
value of k_in_grid is: 8220
Number of points in bubble before removing duplicates: 1413
# Unique points: 102
[0.88 0.58] -2.200425
[0.88 0.6 ] -1.970224
[0.86 0.54] -2.882459
[0.89 0.48] -3.306619
[0.77 0.44] -4.047193
[0.73 0.51] -3.193284
[0.72 0.39] -3.830515
[0.7  0.41] -3.601922
[0.83 0.48] -3.770966
[0.71 0.42] -3.674034
    [...]  
[0.82 0.4 ] -4.267169
[0.75 0.36] -4.021195
[0.84 0.46] -3.910873
[0.77 0.37] -4.156309
[0.87 0.4 ] -4.039108
[0.85 0.4 ] -4.168912
[0.72 0.42] -3.771679
[0.83 0.44] -4.097237
[0.81 0.39] -4.278515
[0.81 0.39] -4.278509
# Unique points: 1219
[0.96 0.58] -1.257690
[0.95 0.61] -1.093365
[0.95 0.6 ] -1.183194
[0.95 0.59] -1.278650
[0.95 0.58] -1.379391
[0.95 0.57] -1.484945
[0.95 0.56] -1.594715
[0.95 0.55] -1.707982
[0.94 0.63] -1.038707
[0.94 0.62] -1.120204
    [...]  
[0.83 0.22] -2.909180
[0.82 0.22] -2.939792
[0.82 0.21] -2.823479
[0.81 0.22] -2.962780
[0.97 0.38] -2.861811
[0.96 0.37] -3.006762
[0.96 0.36] -2.995972
[0.96 0.35] -2.973119
[0.95 0.34] -3.072432
[0.95 0.33] -3.024417
Number of points in bubble after removing duplicates: 1219
Explore landscape ML. time: 2. Before ML took 0.0700 seconds 
Best hyperparameters: [1.1409731e-05 3.2278515e+00] . Best rmse: 0.000362 
# At time N2=2, I am training new model
ML train took 0.0021 seconds 
timestep-N2 ML-guided 2: [0.81, 0.39, -4.278509694132041]
I am in t: 3, and last added point was: [0.81, 0.39, -4.278509694132041]
value of k_in_grid is: 8220
Number of points in bubble before removing duplicates: 1413
# Unique points: 103
[0.88 0.58] -2.200425
[0.88 0.6 ] -1.970224
[0.86 0.54] -2.882459
[0.89 0.48] -3.306619
[0.77 0.44] -4.047193
[0.73 0.51] -3.193284
[0.72 0.39] -3.830515
[0.7  0.41] -3.601922
[0.83 0.48] -3.770966
[0.71 0.42] -3.674034
    [...]  
[0.75 0.36] -4.021195
[0.84 0.46] -3.910873
[0.77 0.37] -4.156309
[0.87 0.4 ] -4.039108
[0.85 0.4 ] -4.168912
[0.72 0.42] -3.771679
[0.83 0.44] -4.097237
[0.81 0.39] -4.278515
[0.81 0.39] -4.278509
[0.81 0.39] -4.278510
# Unique points: 1219
[0.96 0.58] -1.257690
[0.95 0.61] -1.093365
[0.95 0.6 ] -1.183194
[0.95 0.59] -1.278650
[0.95 0.58] -1.379391
[0.95 0.57] -1.484945
[0.95 0.56] -1.594715
[0.95 0.55] -1.707982
[0.94 0.63] -1.038707
[0.94 0.62] -1.120204
    [...]  
[0.83 0.22] -2.909180
[0.82 0.22] -2.939792
[0.82 0.21] -2.823479
[0.81 0.22] -2.962780
[0.97 0.38] -2.861811
[0.96 0.37] -3.006762
[0.96 0.36] -2.995972
[0.96 0.35] -2.973119
[0.95 0.34] -3.072432
[0.95 0.33] -3.024417
Number of points in bubble after removing duplicates: 1219
Explore landscape ML. time: 3. Before ML took 0.0459 seconds 
Best hyperparameters: [1.28557533e-05 3.24639061e+00] . Best rmse: 0.000419 
# At time N2=3, I am training new model
ML train took 0.0022 seconds 
timestep-N2 ML-guided 3: [0.81, 0.39, -4.278504321728826]
I am in t: 4, and last added point was: [0.81, 0.39, -4.278504321728826]
value of k_in_grid is: 8220
Number of points in bubble before removing duplicates: 1413
# Unique points: 104
[0.88 0.58] -2.200425
[0.88 0.6 ] -1.970224
[0.86 0.54] -2.882459
[0.89 0.48] -3.306619
[0.77 0.44] -4.047193
[0.73 0.51] -3.193284
[0.72 0.39] -3.830515
[0.7  0.41] -3.601922
[0.83 0.48] -3.770966
[0.71 0.42] -3.674034
    [...]  
[0.84 0.46] -3.910873
[0.77 0.37] -4.156309
[0.87 0.4 ] -4.039108
[0.85 0.4 ] -4.168912
[0.72 0.42] -3.771679
[0.83 0.44] -4.097237
[0.81 0.39] -4.278515
[0.81 0.39] -4.278509
[0.81 0.39] -4.278510
[0.81 0.39] -4.278504
# Unique points: 1219
[0.96 0.58] -1.257690
[0.95 0.61] -1.093365
[0.95 0.6 ] -1.183194
[0.95 0.59] -1.278650
[0.95 0.58] -1.379391
[0.95 0.57] -1.484945
[0.95 0.56] -1.594715
[0.95 0.55] -1.707982
[0.94 0.63] -1.038707
[0.94 0.62] -1.120204
    [...]  
[0.83 0.22] -2.909180
[0.82 0.22] -2.939792
[0.82 0.21] -2.823479
[0.81 0.22] -2.962780
[0.97 0.38] -2.861811
[0.96 0.37] -3.006762
[0.96 0.36] -2.995972
[0.96 0.35] -2.973119
[0.95 0.34] -3.072432
[0.95 0.33] -3.024417
Number of points in bubble after removing duplicates: 1219
Explore landscape ML. time: 4. Before ML took 0.0706 seconds 
Best hyperparameters: [1.03805577e-05 3.17658384e+00] . Best rmse: 0.000378 
# At time N2=4, I am training new model
ML train took 0.0021 seconds 
timestep-N2 ML-guided 4: [0.81, 0.39, -4.278514660965325]
# Unique points: 5
[0.81 0.39] -4.278515
[0.81 0.39] -4.278509
[0.81 0.39] -4.278510
[0.81 0.39] -4.278504
[0.81 0.39] -4.278515
t2 ML exploration took 196.3629 seconds
#####################
## SUMMARY RESULTS ##
#####################
## Initial random exploration: 
N0 = 15 
################ 
## N1 exploration: 
N1 = 100 
Last value: X1 index (unique timestep): 99
Last value: X1: [0.83 0.44], y: -4.097237
Minimum value: X1 index (unique timestep): 54
Minimum value: X1: [0.81 0.39], y: -4.278503
################ 
## N2 standard exploration: 
N2 = 5 
Last value: X2a index (unique timestep): 4
Last value: X2a: [0.87 0.44], y2a: -3.861768
Minimum value: X2a index (unique timestep): 2
Minimum value: X2a: [0.81 0.45], y2a: -4.070266
################ 
## N2 ML exploration: 
N2 = 5 
Last value: X2b index (unique timestep): 4
Last value: X2b: [0.81 0.39], y2b: -4.278514660965325
Minimum value: X2b index (unique timestep): 4
Minimum predicted value: X2b: [0.81 0.39], y2b: -4.278514660965325
Minimum real value: X2b: [0.81, 0.39], y2b: -4.278503
################ 
## ML benefits: 
Predicted MLgain: 0.000 
Real MLgain: 0.000 
Real relative MLgain: 0.000 
ML prediction relative error: 0.000 
################ 
For each Nwalker: [1.1660965324900019e-05, 0.0, 2.7254778890887815e-06, -4.278503, -4.278503, 0.0]
################################## 
## Start initial random exploration
# New Adventurousness: 100.00 
# Number of grid points per dimension: 101 
################################## 
timestep      0    [0.44, 0.05, -0.834108]
timestep      1    [0.16, 0.25, 1.610897]
timestep      2    [0.66, 0.25, -2.802489]
timestep      3    [0.95, 0.77, -0.315025]
timestep      4    [0.75, 0.85, 0.13282]
timestep      5    [0.33, 0.81, 0.456114]
timestep      6    [0.57, 0.28, -2.163696]
timestep      7    [0.27, 0.82, 0.55545]
timestep      8    [0.91, 0.06, -0.829567]
timestep      9    [0.96, 0.29, -2.616173]
timestep     10    [0.29, 0.57, 1.081269]
timestep     11    [0.91, 0.14, -1.508472]
timestep     12    [0.46, 0.62, -0.198953]
timestep     13    [0.03, 0.02, 1.160789]
timestep     14    [0.57, 0.65, -0.546491]
############################## 
## Start a-weighted exploration
############################## 
timestep     15    [0.48, 0.1, -1.21713]
timestep     16    [0.4, 0.58, 0.238022]
timestep     17    [0.67, 0.25, -2.86618]
timestep     18    [0.91, 0.15, -1.609978]
timestep     19    [0.88, 0.16, -1.941289]
timestep     20    [0.61, 0.69, -0.387594]
timestep     21    [0.07, 0.02, 1.070797]
timestep     22    [0.97, 0.83, -0.105217]
timestep     23    [0.93, 0.32, -3.212936]
timestep     24    [0.9, 0.19, -2.130011]
timestep     25    [0.9, 0.15, -1.68757]
timestep     26    [0.24, 0.83, 0.730784]
timestep     27    [0.91, 0.23, -2.515622]
timestep     28    [0.96, 0.79, -0.219443]
timestep     29    [0.43, 0.13, -0.906765]
timestep     30    [0.88, 0.14, -1.728027]
timestep     31    [0.5, 0.12, -1.390557]
timestep     32    [0.52, 0.65, -0.359598]
timestep     33    [0.57, 0.66, -0.473044]
timestep     34    [0.26, 0.84, 0.681465]
timestep     35    [0.94, 0.16, -1.467493]
timestep     36    [0.93, 0.17, -1.655087]
timestep     37    [0.93, 0.29, -2.968025]
timestep     38    [0.72, 0.26, -3.219634]
timestep     39    [0.1, 0.29, 2.069739]
timestep     40    [0.9, 0.28, -3.174442]
timestep     41    [0.84, 0.2, -2.63357]
timestep     42    [0.13, 0.02, 0.777383]
timestep     43    [0.94, 0.85, -0.139995]
timestep     44    [0.91, 0.17, -1.822843]
timestep     45    [0.97, 0.81, -0.141243]
timestep     46    [0.97, 0.72, -0.324427]
timestep     47    [0.62, 0.71, -0.248534]
timestep     48    [0.86, 0.22, -2.770753]
timestep     49    [0.58, 0.61, -0.883556]
timestep     50    [0.59, 0.64, -0.716079]
timestep     51    [0.57, 0.62, -0.755783]
timestep     52    [0.1, 0.06, 1.108034]
timestep     53    [0.89, 0.83, -0.330966]
timestep     54    [0.83, 0.16, -2.220218]
timestep     55    [0.4, 0.62, 0.11284]
timestep     56    [0.5, 0.62, -0.399637]
timestep     57    [0.92, 0.25, -2.653424]
timestep     58    [0.67, 0.24, -2.803246]
timestep     59    [0.76, 0.91, 0.370196]
timestep     60    [0.34, 0.75, 0.187449]
timestep     61    [0.28, 0.85, 0.669367]
timestep     62    [0.52, 0.61, -0.539612]
timestep     63    [0.55, 0.07, -1.407453]
timestep     64    [0.61, 0.68, -0.47767]
timestep     65    [0.5, 0.69, -0.09467]
timestep     66    [0.52, 0.75, 0.335824]
timestep     67    [0.6, 0.64, -0.769799]
timestep     68    [0.59, 0.57, -1.246149]
timestep     69    [0.85, 0.2, -2.585705]
timestep     70    [0.36, 0.1, -0.379923]
timestep     71    [0.55, 0.51, -1.25235]
timestep     72    [0.43, 0.59, -0.003663]
timestep     73    [0.51, 0.69, -0.1102]
timestep     74    [0.91, 0.28, -3.079871]
timestep     75    [0.91, 0.79, -0.440355]
timestep     76    [0.94, 0.71, -0.575635]
timestep     77    [0.89, 0.22, -2.565476]
timestep     78    [0.58, 0.58, -1.094246]
timestep     79    [0.72, 0.2, -2.700608]
timestep     80    [0.59, 0.65, -0.637003]
timestep     81    [0.96, 0.16, -1.303801]
timestep     82    [0.84, 0.19, -2.516488]
timestep     83    [0.63, 0.19, -2.302447]
timestep     84    [0.96, 0.21, -1.81187]
timestep     85    [0.86, 0.17, -2.181809]
timestep     86    [0.52, 0.56, -0.728834]
timestep     87    [0.92, 0.27, -2.874315]
timestep     88    [0.38, 0.64, 0.148499]
timestep     89    [0.59, 0.72, -0.03733]
timestep     90    [0.99, 0.83, -0.053269]
timestep     91    [0.13, 0.03, 0.813017]
timestep     92    [0.99, 0.8, -0.089149]
timestep     93    [0.82, 0.26, -3.398717]
timestep     94    [0.73, 0.29, -3.507634]
timestep     95    [0.43, 0.15, -0.901892]
timestep     96    [0.4, 0.61, 0.141669]
timestep     97    [0.91, 0.18, -1.933703]
timestep     98    [0.46, 0.08, -1.040694]
timestep     99    [0.91, 0.19, -2.047066]
timestep    100    [0.42, 0.64, -0.016115]
timestep    101    [0.89, 0.16, -1.869578]
timestep    102    [0.91, 0.32, -3.437368]
timestep    103    [0.39, 0.64, 0.106901]
timestep    104    [0.95, 0.23, -2.125951]
timestep    105    [0.85, 0.23, -2.944652]
timestep    106    [0.55, 0.15, -1.755171]
timestep    107    [0.96, 0.18, -1.500347]
timestep    108    [0.81, 0.16, -2.289734]
timestep    109    [0.73, 0.25, -3.179284]
timestep    110    [0.53, 0.64, -0.448105]
timestep    111    [0.48, 0.09, -1.188136]
timestep    112    [0.85, 0.17, -2.237769]
timestep    113    [0.89, 0.2, -2.326334]
timestep    114    [0.17, 0.8, 1.203082]
# Unique points: 100
[0.48 0.1 ] -1.217130
[0.4  0.58] 0.238022
[0.67 0.25] -2.866180
[0.91 0.15] -1.609978
[0.88 0.16] -1.941289
[0.61 0.69] -0.387594
[0.07 0.02] 1.070797
[0.97 0.83] -0.105217
[0.93 0.32] -3.212936
[0.9  0.19] -2.130011
    [...]  
[0.85 0.23] -2.944652
[0.55 0.15] -1.755171
[0.96 0.18] -1.500347
[0.81 0.16] -2.289734
[0.73 0.25] -3.179284
[0.53 0.64] -0.448105
[0.48 0.09] -1.188136
[0.85 0.17] -2.237769
[0.89 0.2 ] -2.326334
[0.17 0.8 ] 1.203082
N1 exploration took 0.7115 seconds
Best hyperparameters: [1.27924447e-05 8.75269543e-01] . Best rmse: 0.018479 
N1 analysis took 46.9020 seconds
############################## 
## Start a-weighted exploration
############################## 
timestep-N2 a-weighted      0    [0.66, 0.14, -2.079726]
timestep-N2 a-weighted      1    [0.67, 0.22, -2.671888]
timestep-N2 a-weighted      2    [0.56, 0.71, -0.048252]
timestep-N2 a-weighted      3    [0.39, 0.09, -0.590896]
timestep-N2 a-weighted      4    [0.67, 0.18, -2.392903]
# Unique points: 5
[0.66 0.14] -2.079726
[0.67 0.22] -2.671888
[0.56 0.71] -0.048252
[0.39 0.09] -0.590896
[0.67 0.18] -2.392903
t2 standard exploration took 0.0707 seconds
############################# 
## Start ML-guided exploration
############################# 
Number of points in bubble before removing duplicates: 18814
# Unique points: 100
[0.48 0.1 ] -1.217130
[0.4  0.58] 0.238022
[0.67 0.25] -2.866180
[0.91 0.15] -1.609978
[0.88 0.16] -1.941289
[0.61 0.69] -0.387594
[0.07 0.02] 1.070797
[0.97 0.83] -0.105217
[0.93 0.32] -3.212936
[0.9  0.19] -2.130011
    [...]  
[0.85 0.23] -2.944652
[0.55 0.15] -1.755171
[0.96 0.18] -1.500347
[0.81 0.16] -2.289734
[0.73 0.25] -3.179284
[0.53 0.64] -0.448105
[0.48 0.09] -1.188136
[0.85 0.17] -2.237769
[0.89 0.2 ] -2.326334
[0.17 0.8 ] 1.203082
# Unique points: 4376
[0.55 0.13] -1.684441
[0.55 0.12] -1.644670
[0.55 0.11] -1.602075
[0.55 0.1 ] -1.556814
[0.55 0.09] -1.509104
[0.55 0.08] -1.459211
[0.55 0.07] -1.407453
[0.54 0.15] -1.701726
[0.54 0.14] -1.671245
[0.54 0.13] -1.637652
    [...]  
[0.11 0.77] 1.771722
[0.11 0.76] 1.752585
[0.11 0.75] 1.738494
[0.1  0.83] 2.042091
[0.1  0.82] 2.012936
[0.1  0.81] 1.982358
[0.1 0.8] 1.951725
[0.1  0.79] 1.922305
[0.1  0.78] 1.895232
[0.1  0.77] 1.871471
Number of points in bubble after removing duplicates: 4376
Explore landscape ML. time: 0. Before ML took 1.3662 seconds 
Best hyperparameters: [4.56662662e-05 8.91412215e-01] . Best rmse: 0.017905 
# At time N2=0, I am training new model
ML train took 0.0025 seconds 
timestep-N2 ML-guided 0: [0.85, 0.37, -4.125132209037162]
I am in t: 1, and last added point was: [0.85, 0.37, -4.125132209037162]
value of k_in_grid is: 8622
Number of points in bubble before removing duplicates: 4569
# Unique points: 101
[0.48 0.1 ] -1.217130
[0.4  0.58] 0.238022
[0.67 0.25] -2.866180
[0.91 0.15] -1.609978
[0.88 0.16] -1.941289
[0.61 0.69] -0.387594
[0.07 0.02] 1.070797
[0.97 0.83] -0.105217
[0.93 0.32] -3.212936
[0.9  0.19] -2.130011
    [...]  
[0.55 0.15] -1.755171
[0.96 0.18] -1.500347
[0.81 0.16] -2.289734
[0.73 0.25] -3.179284
[0.53 0.64] -0.448105
[0.48 0.09] -1.188136
[0.85 0.17] -2.237769
[0.89 0.2 ] -2.326334
[0.17 0.8 ] 1.203082
[0.85 0.37] -4.125132
# Unique points: 4477
[0.55 0.13] -1.684441
[0.55 0.12] -1.644670
[0.55 0.11] -1.602075
[0.55 0.1 ] -1.556814
[0.55 0.09] -1.509104
[0.55 0.08] -1.459211
[0.55 0.07] -1.407453
[0.54 0.15] -1.701726
[0.54 0.14] -1.671245
[0.54 0.13] -1.637652
    [...]  
[0.79 0.38] -4.245373
[0.79 0.37] -4.225791
[0.79 0.36] -4.195009
[0.79 0.35] -4.153525
[0.78 0.4 ] -4.219242
[0.78 0.39] -4.223091
[0.78 0.38] -4.215368
[0.78 0.37] -4.196324
[0.78 0.36] -4.166337
[0.77 0.37] -4.156309
Number of points in bubble after removing duplicates: 4477
Explore landscape ML. time: 1. Before ML took 0.1067 seconds 
Best hyperparameters: [7.12195042e-05 8.82619708e-01] . Best rmse: 0.021651 
# At time N2=1, I am training new model
ML train took 0.0027 seconds 
timestep-N2 ML-guided 1: [0.82, 0.39, -4.211028760721815]
I am in t: 2, and last added point was: [0.82, 0.39, -4.211028760721815]
value of k_in_grid is: 8321
Number of points in bubble before removing duplicates: 4671
# Unique points: 102
[0.48 0.1 ] -1.217130
[0.4  0.58] 0.238022
[0.67 0.25] -2.866180
[0.91 0.15] -1.609978
[0.88 0.16] -1.941289
[0.61 0.69] -0.387594
[0.07 0.02] 1.070797
[0.97 0.83] -0.105217
[0.93 0.32] -3.212936
[0.9  0.19] -2.130011
    [...]  
[0.96 0.18] -1.500347
[0.81 0.16] -2.289734
[0.73 0.25] -3.179284
[0.53 0.64] -0.448105
[0.48 0.09] -1.188136
[0.85 0.17] -2.237769
[0.89 0.2 ] -2.326334
[0.17 0.8 ] 1.203082
[0.85 0.37] -4.125132
[0.82 0.39] -4.211029
# Unique points: 4527
[0.55 0.13] -1.684441
[0.55 0.12] -1.644670
[0.55 0.11] -1.602075
[0.55 0.1 ] -1.556814
[0.55 0.09] -1.509104
[0.55 0.08] -1.459211
[0.55 0.07] -1.407453
[0.54 0.15] -1.701726
[0.54 0.14] -1.671245
[0.54 0.13] -1.637652
    [...]  
[0.76 0.39] -4.129683
[0.76 0.38] -4.123406
[0.76 0.37] -4.106329
[0.75 0.42] -4.018092
[0.75 0.41] -4.045608
[0.75 0.4 ] -4.062188
[0.75 0.39] -4.067837
[0.75 0.38] -4.062693
[0.75 0.37] -4.047019
[0.74 0.39] -3.996845
Number of points in bubble after removing duplicates: 4527
Explore landscape ML. time: 2. Before ML took 0.0505 seconds 
Best hyperparameters: [7.76833519e-05 8.98515192e-01] . Best rmse: 0.016830 
# At time N2=2, I am training new model
ML train took 0.0021 seconds 
timestep-N2 ML-guided 2: [0.82, 0.39, -4.210987851852789]
I am in t: 3, and last added point was: [0.82, 0.39, -4.210987851852789]
value of k_in_grid is: 8321
Number of points in bubble before removing duplicates: 4721
# Unique points: 103
[0.48 0.1 ] -1.217130
[0.4  0.58] 0.238022
[0.67 0.25] -2.866180
[0.91 0.15] -1.609978
[0.88 0.16] -1.941289
[0.61 0.69] -0.387594
[0.07 0.02] 1.070797
[0.97 0.83] -0.105217
[0.93 0.32] -3.212936
[0.9  0.19] -2.130011
    [...]  
[0.81 0.16] -2.289734
[0.73 0.25] -3.179284
[0.53 0.64] -0.448105
[0.48 0.09] -1.188136
[0.85 0.17] -2.237769
[0.89 0.2 ] -2.326334
[0.17 0.8 ] 1.203082
[0.85 0.37] -4.125132
[0.82 0.39] -4.211029
[0.82 0.39] -4.210988
# Unique points: 4527
[0.55 0.13] -1.684441
[0.55 0.12] -1.644670
[0.55 0.11] -1.602075
[0.55 0.1 ] -1.556814
[0.55 0.09] -1.509104
[0.55 0.08] -1.459211
[0.55 0.07] -1.407453
[0.54 0.15] -1.701726
[0.54 0.14] -1.671245
[0.54 0.13] -1.637652
    [...]  
[0.76 0.39] -4.129683
[0.76 0.38] -4.123406
[0.76 0.37] -4.106329
[0.75 0.42] -4.018092
[0.75 0.41] -4.045608
[0.75 0.4 ] -4.062188
[0.75 0.39] -4.067837
[0.75 0.38] -4.062693
[0.75 0.37] -4.047019
[0.74 0.39] -3.996845
Number of points in bubble after removing duplicates: 4527
Explore landscape ML. time: 3. Before ML took 0.0683 seconds 
Best hyperparameters: [1.19413239e-04 8.93370700e-01] . Best rmse: 0.020395 
# At time N2=3, I am training new model
ML train took 0.0021 seconds 
timestep-N2 ML-guided 3: [0.82, 0.39, -4.210882773222025]
I am in t: 4, and last added point was: [0.82, 0.39, -4.210882773222025]
value of k_in_grid is: 8321
Number of points in bubble before removing duplicates: 4721
# Unique points: 104
[0.48 0.1 ] -1.217130
[0.4  0.58] 0.238022
[0.67 0.25] -2.866180
[0.91 0.15] -1.609978
[0.88 0.16] -1.941289
[0.61 0.69] -0.387594
[0.07 0.02] 1.070797
[0.97 0.83] -0.105217
[0.93 0.32] -3.212936
[0.9  0.19] -2.130011
    [...]  
[0.73 0.25] -3.179284
[0.53 0.64] -0.448105
[0.48 0.09] -1.188136
[0.85 0.17] -2.237769
[0.89 0.2 ] -2.326334
[0.17 0.8 ] 1.203082
[0.85 0.37] -4.125132
[0.82 0.39] -4.211029
[0.82 0.39] -4.210988
[0.82 0.39] -4.210883
# Unique points: 4527
[0.55 0.13] -1.684441
[0.55 0.12] -1.644670
[0.55 0.11] -1.602075
[0.55 0.1 ] -1.556814
[0.55 0.09] -1.509104
[0.55 0.08] -1.459211
[0.55 0.07] -1.407453
[0.54 0.15] -1.701726
[0.54 0.14] -1.671245
[0.54 0.13] -1.637652
    [...]  
[0.76 0.39] -4.129683
[0.76 0.38] -4.123406
[0.76 0.37] -4.106329
[0.75 0.42] -4.018092
[0.75 0.41] -4.045608
[0.75 0.4 ] -4.062188
[0.75 0.39] -4.067837
[0.75 0.38] -4.062693
[0.75 0.37] -4.047019
[0.74 0.39] -3.996845
Number of points in bubble after removing duplicates: 4527
Explore landscape ML. time: 4. Before ML took 0.0654 seconds 
Best hyperparameters: [1.1360971e-05 8.8095489e-01] . Best rmse: 0.016831 
# At time N2=4, I am training new model
ML train took 0.0021 seconds 
timestep-N2 ML-guided 4: [0.81, 0.38, -4.211732827765729]
# Unique points: 5
[0.85 0.37] -4.125132
[0.82 0.39] -4.211029
[0.82 0.39] -4.210988
[0.82 0.39] -4.210883
[0.81 0.38] -4.211733
t2 ML exploration took 205.1406 seconds
#####################
## SUMMARY RESULTS ##
#####################
## Initial random exploration: 
N0 = 15 
################ 
## N1 exploration: 
N1 = 100 
Last value: X1 index (unique timestep): 99
Last value: X1: [0.17 0.8 ], y: 1.203082
Minimum value: X1 index (unique timestep): 79
Minimum value: X1: [0.73 0.29], y: -3.507634
################ 
## N2 standard exploration: 
N2 = 5 
Last value: X2a index (unique timestep): 4
Last value: X2a: [0.67 0.18], y2a: -2.392903
Minimum value: X2a index (unique timestep): 1
Minimum value: X2a: [0.67 0.22], y2a: -2.671888
################ 
## N2 ML exploration: 
N2 = 5 
Last value: X2b index (unique timestep): 4
Last value: X2b: [0.81 0.38], y2b: -4.211732827765729
Minimum value: X2b index (unique timestep): 4
Minimum predicted value: X2b: [0.81 0.38], y2b: -4.211732827765729
Minimum real value: X2b: [0.81, 0.38], y2b: -4.270815
################ 
## ML benefits: 
Predicted MLgain: 0.704 
Real MLgain: 0.763 
Real relative MLgain: 0.218 
ML prediction relative error: 0.014 
################ 
For each Nwalker: [0.7040988277657294, 0.7631809999999999, 0.013833933859057458, -3.507634, -4.270815, 0.21757714744468776]
Rest of MLL took 0.2062 seconds
I am returning these values: [0.00037530595010992, 0.01847863897911617], [[1.1660965324900019e-05, 0.0, 2.7254778890887815e-06, -4.278503, -4.278503, 0.0], [0.7040988277657294, 0.7631809999999999, 0.013833933859057458, -3.507634, -4.270815, 0.21757714744468776]]
